TN:
SF:App.tsx
FN:29,_interopRequireDefault
FN:29,_getRequireWildcardCache
FN:29,_getRequireWildcardCache
FN:29,_interopRequireWildcard
FN:29,_slicedToArray
FN:29,_nonIterableRest
FN:29,_unsupportedIterableToArray
FN:29,_arrayLikeToArray
FN:29,_iterableToArrayLimit
FN:29,_arrayWithHoles
FN:38,App
FN:58,(anonymous_11)
FN:62,unsubscribe
FN:63,(anonymous_13)
FN:69,(anonymous_14)
FN:93,onPress
FNF:16
FNH:0
FNDA:0,_interopRequireDefault
FNDA:0,_getRequireWildcardCache
FNDA:0,_getRequireWildcardCache
FNDA:0,_interopRequireWildcard
FNDA:0,_slicedToArray
FNDA:0,_nonIterableRest
FNDA:0,_unsupportedIterableToArray
FNDA:0,_arrayLikeToArray
FNDA:0,_iterableToArrayLimit
FNDA:0,_arrayWithHoles
FNDA:0,App
FNDA:0,(anonymous_11)
FNDA:0,unsubscribe
FNDA:0,(anonymous_13)
FNDA:0,(anonymous_14)
FNDA:0,onPress
DA:1,0
DA:9,0
DA:10,0
DA:11,0
DA:12,0
DA:13,0
DA:17,0
DA:18,0
DA:19,0
DA:20,0
DA:21,0
DA:28,0
DA:29,0
DA:31,0
DA:33,0
DA:35,0
DA:36,0
DA:38,0
DA:53,0
DA:54,0
DA:55,0
DA:56,0
DA:58,0
DA:59,0
DA:63,0
DA:64,0
DA:65,0
DA:66,0
DA:69,0
DA:70,0
DA:71,0
DA:72,0
DA:75,0
DA:77,0
DA:94,0
DA:95,0
DA:114,0
DA:147,0
LF:38
LH:0
BRDA:29,0,0,0
BRDA:29,0,1,0
BRDA:29,1,0,0
BRDA:29,1,1,0
BRDA:29,2,0,0
BRDA:29,2,1,0
BRDA:29,3,0,0
BRDA:29,3,1,0
BRDA:29,4,0,0
BRDA:29,4,1,0
BRDA:29,5,0,0
BRDA:29,5,1,0
BRDA:29,5,2,0
BRDA:29,6,0,0
BRDA:29,6,1,0
BRDA:29,7,0,0
BRDA:29,7,1,0
BRDA:29,7,2,0
BRDA:29,8,0,0
BRDA:29,8,1,0
BRDA:29,9,0,0
BRDA:29,9,1,0
BRDA:29,10,0,0
BRDA:29,10,1,0
BRDA:29,11,0,0
BRDA:29,11,1,0
BRDA:29,12,0,0
BRDA:29,12,1,0
BRDA:29,13,0,0
BRDA:29,13,1,0
BRDA:29,14,0,0
BRDA:29,14,1,0
BRDA:29,15,0,0
BRDA:29,15,1,0
BRDA:29,15,2,0
BRDA:29,16,0,0
BRDA:29,16,1,0
BRDA:29,17,0,0
BRDA:29,17,1,0
BRDA:29,17,2,0
BRDA:29,17,3,0
BRDA:29,18,0,0
BRDA:29,18,1,0
BRDA:29,19,0,0
BRDA:29,19,1,0
BRDA:29,20,0,0
BRDA:29,20,1,0
BRDA:29,21,0,0
BRDA:29,21,1,0
BRDA:29,22,0,0
BRDA:29,22,1,0
BRDA:29,23,0,0
BRDA:29,23,1,0
BRDA:29,24,0,0
BRDA:29,24,1,0
BRDA:29,25,0,0
BRDA:29,25,1,0
BRDA:29,26,0,0
BRDA:29,26,1,0
BRDA:29,27,0,0
BRDA:29,27,1,0
BRDA:29,28,0,0
BRDA:29,28,1,0
BRDA:29,29,0,0
BRDA:29,29,1,0
BRDA:29,29,2,0
BRDA:29,30,0,0
BRDA:29,30,1,0
BRDA:29,31,0,0
BRDA:29,31,1,0
BRDA:29,32,0,0
BRDA:29,32,1,0
BRDA:29,33,0,0
BRDA:29,33,1,0
BRDA:29,34,0,0
BRDA:29,34,1,0
BRDA:29,35,0,0
BRDA:29,35,1,0
BRDA:29,36,0,0
BRDA:29,36,1,0
BRDA:79,37,0,0
BRDA:79,37,1,0
BRDA:79,38,0,0
BRDA:79,38,1,0
BRDA:79,38,2,0
BRDA:80,39,0,0
BRDA:80,39,1,0
BRF:87
BRH:0
end_of_record
TN:
SF:declarations.d.ts
FNF:0
FNH:0
LF:0
LH:0
BRF:0
BRH:0
end_of_record
TN:
SF:environment/development/Config.tsx
FNF:0
FNH:0
DA:1,0
DA:17,0
LF:2
LH:0
BRF:0
BRH:0
end_of_record
TN:
SF:environment/production/Config.tsx
FNF:0
FNH:0
DA:1,0
DA:13,0
LF:2
LH:0
BRF:0
BRH:0
end_of_record
TN:
SF:environment/staging/Config.tsx
FNF:0
FNH:0
DA:1,0
DA:18,0
LF:2
LH:0
BRF:0
BRH:0
end_of_record
TN:
SF:environment/testing/Config.tsx
FNF:0
FNH:0
DA:1,0
DA:15,0
LF:2
LH:0
BRF:0
BRH:0
end_of_record
TN:
SF:src/components/DropdownModal.tsx
FN:4,_interopRequireDefault
FN:4,_getRequireWildcardCache
FN:4,_getRequireWildcardCache
FN:4,_interopRequireWildcard
FN:4,_slicedToArray
FN:4,_nonIterableRest
FN:4,_unsupportedIterableToArray
FN:4,_arrayLikeToArray
FN:4,_iterableToArrayLimit
FN:4,_arrayWithHoles
FN:23,DropDownPickerModal
FN:34,(anonymous_11)
FN:38,ListItem
FN:53,onPress
FN:74,emptyListComponent
FN:86,onBackdropPress
FN:92,onPress
FN:105,renderItem
FNF:18
FNH:9
FNDA:6,_interopRequireDefault
FNDA:6,_getRequireWildcardCache
FNDA:6,_getRequireWildcardCache
FNDA:6,_interopRequireWildcard
FNDA:8,_slicedToArray
FNDA:0,_nonIterableRest
FNDA:0,_unsupportedIterableToArray
FNDA:0,_arrayLikeToArray
FNDA:0,_iterableToArrayLimit
FNDA:8,_arrayWithHoles
FNDA:4,DropDownPickerModal
FNDA:4,(anonymous_11)
FNDA:0,ListItem
FNDA:0,onPress
FNDA:2,emptyListComponent
FNDA:0,onBackdropPress
FNDA:0,onPress
FNDA:0,renderItem
DA:1,6
DA:2,6
DA:3,6
DA:4,168
DA:6,6
DA:7,6
DA:23,6
DA:30,4
DA:31,4
DA:33,4
DA:34,4
DA:35,4
DA:38,4
DA:39,0
DA:41,0
DA:46,0
DA:54,0
DA:59,0
DA:74,4
DA:80,4
DA:86,0
DA:92,0
DA:105,0
DA:115,6
DA:162,6
LF:25
LH:17
BRDA:4,0,0,6
BRDA:4,0,1,0
BRDA:4,1,0,6
BRDA:4,1,1,6
BRDA:4,2,0,0
BRDA:4,2,1,6
BRDA:4,3,0,0
BRDA:4,3,1,6
BRDA:4,4,0,0
BRDA:4,4,1,6
BRDA:4,5,0,6
BRDA:4,5,1,6
BRDA:4,5,2,6
BRDA:4,6,0,0
BRDA:4,6,1,6
BRDA:4,7,0,6
BRDA:4,7,1,6
BRDA:4,7,2,0
BRDA:4,8,0,0
BRDA:4,8,1,6
BRDA:4,9,0,6
BRDA:4,9,1,6
BRDA:4,10,0,6
BRDA:4,10,1,6
BRDA:4,11,0,168
BRDA:4,11,1,0
BRDA:4,12,0,168
BRDA:4,12,1,168
BRDA:4,13,0,168
BRDA:4,13,1,0
BRDA:4,14,0,0
BRDA:4,14,1,168
BRDA:4,15,0,168
BRDA:4,15,1,168
BRDA:4,15,2,168
BRDA:4,16,0,6
BRDA:4,16,1,0
BRDA:4,17,0,8
BRDA:4,17,1,0
BRDA:4,17,2,0
BRDA:4,17,3,0
BRDA:4,18,0,0
BRDA:4,18,1,0
BRDA:4,19,0,0
BRDA:4,19,1,0
BRDA:4,20,0,0
BRDA:4,20,1,0
BRDA:4,21,0,0
BRDA:4,21,1,0
BRDA:4,22,0,0
BRDA:4,22,1,0
BRDA:4,23,0,0
BRDA:4,23,1,0
BRDA:4,24,0,0
BRDA:4,24,1,0
BRDA:4,25,0,0
BRDA:4,25,1,0
BRDA:4,26,0,0
BRDA:4,26,1,0
BRDA:4,27,0,0
BRDA:4,27,1,0
BRDA:4,28,0,0
BRDA:4,28,1,0
BRDA:4,29,0,0
BRDA:4,29,1,0
BRDA:4,29,2,0
BRDA:4,30,0,0
BRDA:4,30,1,0
BRDA:4,31,0,0
BRDA:4,31,1,0
BRDA:4,32,0,0
BRDA:4,32,1,0
BRDA:4,33,0,0
BRDA:4,33,1,0
BRDA:4,34,0,0
BRDA:4,34,1,0
BRDA:4,35,0,0
BRDA:4,35,1,0
BRDA:4,36,0,8
BRDA:4,36,1,0
BRDA:39,37,0,0
BRDA:39,37,1,0
BRDA:41,38,0,0
BRDA:41,38,1,0
BRDA:41,39,0,0
BRDA:41,39,1,0
BRDA:41,39,2,0
BRDA:51,40,0,0
BRDA:51,40,1,0
BRDA:57,41,0,0
BRDA:57,41,1,0
BRDA:65,42,0,0
BRDA:65,42,1,0
BRDA:69,43,0,0
BRDA:69,43,1,0
BRDA:98,44,0,2
BRDA:98,44,1,2
BRDA:99,45,0,2
BRDA:99,45,1,2
BRF:99
BRH:32
end_of_record
TN:
SF:src/components/DynamicForm.tsx
FN:35,_interopRequireDefault
FN:35,_getRequireWildcardCache
FN:35,_getRequireWildcardCache
FN:35,_interopRequireWildcard
FN:35,_toConsumableArray
FN:35,_nonIterableSpread
FN:35,_iterableToArray
FN:35,_arrayWithoutHoles
FN:35,ownKeys
FN:35,(anonymous_9)
FN:35,_objectSpread
FN:35,(anonymous_11)
FN:35,(anonymous_12)
FN:35,_defineProperty
FN:35,_slicedToArray
FN:35,_nonIterableRest
FN:35,_unsupportedIterableToArray
FN:35,_arrayLikeToArray
FN:35,_iterableToArrayLimit
FN:35,_arrayWithHoles
FN:52,DynamicForm
FN:88,getAllSurvey
FN:89,(anonymous_22)
FN:98,(anonymous_23)
FN:119,(anonymous_24)
FN:123,updateState
FN:124,(anonymous_26)
FN:132,pageParams
FN:133,(anonymous_28)
FN:139,(anonymous_29)
FN:158,redirectionSearch
FN:160,(anonymous_31)
FN:163,(anonymous_32)
FN:206,renderExploreFormItem
FN:219,(anonymous_34)
FN:230,(anonymous_35)
FN:262,onBlur
FN:264,(anonymous_37)
FN:273,onPressTab
FN:275,(anonymous_39)
FN:284,(anonymous_40)
FN:299,(anonymous_41)
FN:316,(anonymous_42)
FN:330,callBack
FN:340,(anonymous_44)
FN:357,onClear
FN:367,(anonymous_46)
FN:402,onChangeText
FN:417,_handleMultiInput
FN:428,renderEmptyComponent
FN:444,preFillValues
FN:483,onValueChanged
FN:503,renderItem
FN:528,onConfirmPressed
FN:529,(anonymous_54)
FN:533,onCancelPressed
FN:543,styleSheet
FNF:57
FNH:15
FNDA:20,_interopRequireDefault
FNDA:4,_getRequireWildcardCache
FNDA:4,_getRequireWildcardCache
FNDA:4,_interopRequireWildcard
FNDA:0,_toConsumableArray
FNDA:0,_nonIterableSpread
FNDA:0,_iterableToArray
FNDA:0,_arrayWithoutHoles
FNDA:0,ownKeys
FNDA:0,(anonymous_9)
FNDA:0,_objectSpread
FNDA:0,(anonymous_11)
FNDA:0,(anonymous_12)
FNDA:0,_defineProperty
FNDA:252,_slicedToArray
FNDA:0,_nonIterableRest
FNDA:0,_unsupportedIterableToArray
FNDA:0,_arrayLikeToArray
FNDA:0,_iterableToArrayLimit
FNDA:252,_arrayWithHoles
FNDA:17,DynamicForm
FNDA:1,getAllSurvey
FNDA:1,(anonymous_22)
FNDA:0,(anonymous_23)
FNDA:4,(anonymous_24)
FNDA:0,updateState
FNDA:0,(anonymous_26)
FNDA:4,pageParams
FNDA:4,(anonymous_28)
FNDA:4,(anonymous_29)
FNDA:0,redirectionSearch
FNDA:0,(anonymous_31)
FNDA:0,(anonymous_32)
FNDA:0,renderExploreFormItem
FNDA:0,(anonymous_34)
FNDA:0,(anonymous_35)
FNDA:0,onBlur
FNDA:0,(anonymous_37)
FNDA:0,onPressTab
FNDA:0,(anonymous_39)
FNDA:0,(anonymous_40)
FNDA:0,(anonymous_41)
FNDA:0,(anonymous_42)
FNDA:0,callBack
FNDA:0,(anonymous_44)
FNDA:0,onClear
FNDA:0,(anonymous_46)
FNDA:0,onChangeText
FNDA:0,_handleMultiInput
FNDA:14,renderEmptyComponent
FNDA:0,preFillValues
FNDA:0,onValueChanged
FNDA:0,renderItem
FNDA:0,onConfirmPressed
FNDA:0,(anonymous_54)
FNDA:0,onCancelPressed
FNDA:14,styleSheet
DA:1,4
DA:2,4
DA:11,4
DA:12,4
DA:13,4
DA:14,4
DA:15,4
DA:22,4
DA:24,4
DA:33,4
DA:34,4
DA:35,252
DA:52,4
DA:56,17
DA:57,14
DA:58,14
DA:59,14
DA:60,14
DA:63,14
DA:64,14
DA:65,14
DA:66,14
DA:67,14
DA:69,14
DA:71,14
DA:73,14
DA:74,14
DA:76,14
DA:77,14
DA:80,14
DA:82,14
DA:85,14
DA:86,14
DA:88,14
DA:89,1
DA:90,1
DA:91,1
DA:92,1
DA:93,0
DA:98,0
DA:105,0
DA:107,0
DA:108,0
DA:112,1
DA:113,1
DA:114,0
DA:119,14
DA:120,4
DA:123,14
DA:124,0
DA:125,0
DA:126,0
DA:127,0
DA:132,14
DA:133,4
DA:134,4
DA:135,4
DA:136,0
DA:139,4
DA:140,4
DA:141,4
DA:142,0
DA:145,4
DA:146,4
DA:147,1
DA:148,1
DA:149,3
DA:150,0
DA:151,0
DA:152,3
DA:153,0
DA:154,0
DA:158,14
DA:159,0
DA:160,0
DA:161,0
DA:162,0
DA:163,0
DA:165,0
DA:168,0
DA:169,0
DA:172,0
DA:173,0
DA:175,0
DA:176,0
DA:178,0
DA:179,0
DA:181,0
DA:182,0
DA:184,0
DA:185,0
DA:187,0
DA:188,0
DA:191,0
DA:192,0
DA:195,0
DA:196,0
DA:198,0
DA:199,0
DA:202,0
DA:206,14
DA:207,0
DA:216,0
DA:217,0
DA:218,0
DA:219,0
DA:220,0
DA:221,0
DA:224,0
DA:230,0
DA:263,0
DA:264,0
DA:274,0
DA:275,0
DA:276,0
DA:280,0
DA:281,0
DA:283,0
DA:284,0
DA:298,0
DA:299,0
DA:314,0
DA:315,0
DA:316,0
DA:331,0
DA:332,0
DA:335,0
DA:336,0
DA:339,0
DA:340,0
DA:358,0
DA:359,0
DA:362,0
DA:363,0
DA:366,0
DA:367,0
DA:382,0
DA:390,0
DA:402,0
DA:418,0
DA:419,0
DA:420,0
DA:421,0
DA:422,0
DA:425,0
DA:428,14
DA:429,14
DA:430,10
DA:437,4
DA:444,14
DA:445,0
DA:446,0
DA:447,0
DA:448,0
DA:449,0
DA:454,0
DA:460,0
DA:461,0
DA:464,0
DA:467,0
DA:470,14
DA:483,0
DA:503,0
DA:529,0
DA:530,0
DA:543,14
DA:683,4
LF:167
LH:66
BRDA:35,0,0,20
BRDA:35,0,1,0
BRDA:35,1,0,20
BRDA:35,1,1,20
BRDA:35,2,0,0
BRDA:35,2,1,4
BRDA:35,3,0,0
BRDA:35,3,1,4
BRDA:35,4,0,0
BRDA:35,4,1,4
BRDA:35,5,0,4
BRDA:35,5,1,4
BRDA:35,5,2,4
BRDA:35,6,0,0
BRDA:35,6,1,4
BRDA:35,7,0,4
BRDA:35,7,1,4
BRDA:35,7,2,0
BRDA:35,8,0,0
BRDA:35,8,1,4
BRDA:35,9,0,4
BRDA:35,9,1,4
BRDA:35,10,0,4
BRDA:35,10,1,4
BRDA:35,11,0,112
BRDA:35,11,1,0
BRDA:35,12,0,112
BRDA:35,12,1,112
BRDA:35,13,0,112
BRDA:35,13,1,0
BRDA:35,14,0,0
BRDA:35,14,1,112
BRDA:35,15,0,112
BRDA:35,15,1,112
BRDA:35,15,2,112
BRDA:35,16,0,4
BRDA:35,16,1,0
BRDA:35,17,0,0
BRDA:35,17,1,0
BRDA:35,17,2,0
BRDA:35,17,3,0
BRDA:35,18,0,0
BRDA:35,18,1,0
BRDA:35,19,0,0
BRDA:35,19,1,0
BRDA:35,19,2,0
BRDA:35,20,0,0
BRDA:35,20,1,0
BRDA:35,21,0,0
BRDA:35,21,1,0
BRDA:35,22,0,0
BRDA:35,22,1,0
BRDA:35,23,0,0
BRDA:35,23,1,0
BRDA:35,24,0,0
BRDA:35,24,1,0
BRDA:35,25,0,0
BRDA:35,25,1,0
BRDA:35,26,0,0
BRDA:35,26,1,0
BRDA:35,27,0,252
BRDA:35,27,1,0
BRDA:35,27,2,0
BRDA:35,27,3,0
BRDA:35,28,0,0
BRDA:35,28,1,0
BRDA:35,29,0,0
BRDA:35,29,1,0
BRDA:35,30,0,0
BRDA:35,30,1,0
BRDA:35,31,0,0
BRDA:35,31,1,0
BRDA:35,32,0,0
BRDA:35,32,1,0
BRDA:35,33,0,0
BRDA:35,33,1,0
BRDA:35,34,0,0
BRDA:35,34,1,0
BRDA:35,35,0,0
BRDA:35,35,1,0
BRDA:35,36,0,0
BRDA:35,36,1,0
BRDA:35,37,0,0
BRDA:35,37,1,0
BRDA:35,38,0,0
BRDA:35,38,1,0
BRDA:35,39,0,0
BRDA:35,39,1,0
BRDA:35,39,2,0
BRDA:35,40,0,0
BRDA:35,40,1,0
BRDA:35,41,0,0
BRDA:35,41,1,0
BRDA:35,42,0,0
BRDA:35,42,1,0
BRDA:35,43,0,0
BRDA:35,43,1,0
BRDA:35,44,0,0
BRDA:35,44,1,0
BRDA:35,45,0,0
BRDA:35,45,1,0
BRDA:35,46,0,252
BRDA:35,46,1,0
BRDA:92,47,0,0
BRDA:92,47,1,1
BRDA:92,48,0,1
BRDA:92,48,1,0
BRDA:93,49,0,0
BRDA:93,49,1,0
BRDA:94,50,0,0
BRDA:94,50,1,0
BRDA:94,50,2,0
BRDA:107,51,0,0
BRDA:107,51,1,0
BRDA:112,52,0,1
BRDA:112,52,1,0
BRDA:126,53,0,0
BRDA:126,53,1,0
BRDA:126,54,0,0
BRDA:126,54,1,0
BRDA:135,55,0,0
BRDA:135,55,1,4
BRDA:135,56,0,4
BRDA:135,56,1,0
BRDA:141,57,0,0
BRDA:141,57,1,4
BRDA:141,58,0,4
BRDA:141,58,1,0
BRDA:146,59,0,1
BRDA:146,59,1,3
BRDA:146,60,0,4
BRDA:146,60,1,4
BRDA:149,61,0,0
BRDA:149,61,1,3
BRDA:152,62,0,0
BRDA:152,62,1,3
BRDA:165,63,0,0
BRDA:165,63,1,0
BRDA:165,64,0,0
BRDA:165,64,1,0
BRDA:168,65,0,0
BRDA:168,65,1,0
BRDA:172,66,0,0
BRDA:172,66,1,0
BRDA:175,67,0,0
BRDA:175,67,1,0
BRDA:178,68,0,0
BRDA:178,68,1,0
BRDA:181,69,0,0
BRDA:181,69,1,0
BRDA:184,70,0,0
BRDA:184,70,1,0
BRDA:187,71,0,0
BRDA:187,71,1,0
BRDA:191,72,0,0
BRDA:191,72,1,0
BRDA:195,73,0,0
BRDA:195,73,1,0
BRDA:198,74,0,0
BRDA:198,74,1,0
BRDA:207,75,0,0
BRDA:207,75,1,0
BRDA:208,76,0,0
BRDA:208,76,1,0
BRDA:208,76,2,0
BRDA:208,76,3,0
BRDA:208,76,4,0
BRDA:208,76,5,0
BRDA:208,76,6,0
BRDA:208,77,0,0
BRDA:208,77,1,0
BRDA:209,78,0,0
BRDA:209,78,1,0
BRDA:210,79,0,0
BRDA:210,79,1,0
BRDA:211,80,0,0
BRDA:211,80,1,0
BRDA:212,81,0,0
BRDA:212,81,1,0
BRDA:213,82,0,0
BRDA:213,82,1,0
BRDA:214,83,0,0
BRDA:214,83,1,0
BRDA:217,84,0,0
BRDA:217,84,1,0
BRDA:218,85,0,0
BRDA:218,85,1,0
BRDA:218,86,0,0
BRDA:218,86,1,0
BRDA:218,87,0,0
BRDA:218,87,1,0
BRDA:218,88,0,0
BRDA:218,88,1,0
BRDA:219,89,0,0
BRDA:219,89,1,0
BRDA:230,90,0,0
BRDA:230,90,1,0
BRDA:230,91,0,0
BRDA:230,91,1,0
BRDA:236,92,0,0
BRDA:236,92,1,0
BRDA:239,93,0,0
BRDA:239,93,1,0
BRDA:239,94,0,0
BRDA:239,94,1,0
BRDA:239,94,2,0
BRDA:243,95,0,0
BRDA:243,95,1,0
BRDA:245,96,0,0
BRDA:245,96,1,0
BRDA:247,97,0,0
BRDA:247,97,1,0
BRDA:247,98,0,0
BRDA:247,98,1,0
BRDA:251,99,0,0
BRDA:251,99,1,0
BRDA:252,100,0,0
BRDA:252,100,1,0
BRDA:252,101,0,0
BRDA:252,101,1,0
BRDA:255,102,0,0
BRDA:255,102,1,0
BRDA:255,103,0,0
BRDA:255,103,1,0
BRDA:261,104,0,0
BRDA:261,104,1,0
BRDA:267,105,0,0
BRDA:267,105,1,0
BRDA:269,106,0,0
BRDA:269,106,1,0
BRDA:269,107,0,0
BRDA:269,107,1,0
BRDA:270,108,0,0
BRDA:270,108,1,0
BRDA:270,109,0,0
BRDA:270,109,1,0
BRDA:274,110,0,0
BRDA:274,110,1,0
BRDA:276,111,0,0
BRDA:276,111,1,0
BRDA:277,112,0,0
BRDA:277,112,1,0
BRDA:280,113,0,0
BRDA:280,113,1,0
BRDA:285,114,0,0
BRDA:285,114,1,0
BRDA:285,115,0,0
BRDA:285,115,1,0
BRDA:285,116,0,0
BRDA:285,116,1,0
BRDA:289,117,0,0
BRDA:289,117,1,0
BRDA:300,118,0,0
BRDA:300,118,1,0
BRDA:300,119,0,0
BRDA:300,119,1,0
BRDA:300,120,0,0
BRDA:300,120,1,0
BRDA:304,121,0,0
BRDA:304,121,1,0
BRDA:317,122,0,0
BRDA:317,122,1,0
BRDA:317,123,0,0
BRDA:317,123,1,0
BRDA:317,124,0,0
BRDA:317,124,1,0
BRDA:321,125,0,0
BRDA:321,125,1,0
BRDA:331,126,0,0
BRDA:331,126,1,0
BRDA:331,127,0,0
BRDA:331,127,1,0
BRDA:335,128,0,0
BRDA:335,128,1,0
BRDA:335,129,0,0
BRDA:335,129,1,0
BRDA:341,130,0,0
BRDA:341,130,1,0
BRDA:341,131,0,0
BRDA:341,131,1,0
BRDA:341,132,0,0
BRDA:341,132,1,0
BRDA:350,133,0,0
BRDA:350,133,1,0
BRDA:352,134,0,0
BRDA:352,134,1,0
BRDA:358,135,0,0
BRDA:358,135,1,0
BRDA:358,136,0,0
BRDA:358,136,1,0
BRDA:362,137,0,0
BRDA:362,137,1,0
BRDA:362,138,0,0
BRDA:362,138,1,0
BRDA:368,139,0,0
BRDA:368,139,1,0
BRDA:368,140,0,0
BRDA:368,140,1,0
BRDA:368,141,0,0
BRDA:368,141,1,0
BRDA:368,142,0,0
BRDA:368,142,1,0
BRDA:369,143,0,0
BRDA:369,143,1,0
BRDA:373,144,0,0
BRDA:373,144,1,0
BRDA:382,145,0,0
BRDA:382,145,1,0
BRDA:383,146,0,0
BRDA:383,146,1,0
BRDA:383,146,2,0
BRDA:383,146,3,0
BRDA:383,146,4,0
BRDA:383,146,5,0
BRDA:383,147,0,0
BRDA:383,147,1,0
BRDA:384,148,0,0
BRDA:384,148,1,0
BRDA:385,149,0,0
BRDA:385,149,1,0
BRDA:386,150,0,0
BRDA:386,150,1,0
BRDA:387,151,0,0
BRDA:387,151,1,0
BRDA:388,152,0,0
BRDA:388,152,1,0
BRDA:392,153,0,0
BRDA:392,153,1,0
BRDA:395,154,0,0
BRDA:395,154,1,0
BRDA:400,155,0,0
BRDA:400,155,1,0
BRDA:402,156,0,0
BRDA:402,156,1,0
BRDA:403,157,0,0
BRDA:403,157,1,0
BRDA:403,158,0,0
BRDA:403,158,1,0
BRDA:403,159,0,0
BRDA:403,159,1,0
BRDA:403,160,0,0
BRDA:403,160,1,0
BRDA:405,161,0,0
BRDA:405,161,1,0
BRDA:405,162,0,0
BRDA:405,162,1,0
BRDA:405,162,2,0
BRDA:405,163,0,0
BRDA:405,163,1,0
BRDA:420,164,0,0
BRDA:420,164,1,0
BRDA:429,165,0,10
BRDA:429,165,1,4
BRDA:448,166,0,0
BRDA:448,166,1,0
BRDA:451,167,0,0
BRDA:451,167,1,0
BRDA:454,168,0,0
BRDA:454,168,1,0
BRDA:455,169,0,0
BRDA:455,169,1,0
BRDA:455,169,2,0
BRDA:455,169,3,0
BRDA:476,170,0,14
BRDA:476,170,1,4
BRDA:479,171,0,14
BRDA:479,171,1,0
BRDA:494,172,0,14
BRDA:494,172,1,0
BRDA:509,173,0,14
BRDA:509,173,1,4
BRF:371
BRH:49
end_of_record
TN:
SF:src/components/ActivityIndicator/Loading.tsx
FN:2,_interopRequireDefault
FN:4,OverlayLoading
FNF:2
FNH:2
FNDA:22,_interopRequireDefault
FNDA:20,OverlayLoading
DA:1,11
DA:2,22
DA:5,20
LF:3
LH:3
BRDA:2,0,0,11
BRDA:2,0,1,11
BRDA:2,1,0,22
BRDA:2,1,1,22
BRF:4
BRH:4
end_of_record
TN:
SF:src/components/DropdownPicker/dropdown.tsx
FN:29,_interopRequireDefault
FN:29,_getRequireWildcardCache
FN:29,_getRequireWildcardCache
FN:29,_interopRequireWildcard
FN:29,_slicedToArray
FN:29,_nonIterableRest
FN:29,_unsupportedIterableToArray
FN:29,_arrayLikeToArray
FN:29,_iterableToArrayLimit
FN:29,_arrayWithHoles
FN:63,DropDownContainer
FN:94,searchData
FN:98,(anonymous_12)
FN:111,(anonymous_13)
FN:118,(anonymous_14)
FN:148,(anonymous_15)
FN:156,(anonymous_16)
FN:160,(anonymous_17)
FN:247,onPress
FN:254,onPress
FN:268,onPressIn
FN:288,onPress
FN:351,(anonymous_22)
FN:363,onPress
FNF:24
FNH:7
FNDA:19,_interopRequireDefault
FNDA:19,_getRequireWildcardCache
FNDA:19,_getRequireWildcardCache
FNDA:19,_interopRequireWildcard
FNDA:119,_slicedToArray
FNDA:0,_nonIterableRest
FNDA:0,_unsupportedIterableToArray
FNDA:0,_arrayLikeToArray
FNDA:0,_iterableToArrayLimit
FNDA:119,_arrayWithHoles
FNDA:125,DropDownContainer
FNDA:0,searchData
FNDA:0,(anonymous_12)
FNDA:0,(anonymous_13)
FNDA:0,(anonymous_14)
FNDA:0,(anonymous_15)
FNDA:0,(anonymous_16)
FNDA:0,(anonymous_17)
FNDA:0,onPress
FNDA:0,onPress
FNDA:0,onPressIn
FNDA:0,onPress
FNDA:0,(anonymous_22)
FNDA:0,onPress
DA:1,19
DA:2,19
DA:14,19
DA:15,19
DA:21,19
DA:29,532
DA:61,19
DA:62,19
DA:63,19
DA:91,125
DA:92,119
DA:94,119
DA:95,0
DA:97,0
DA:98,0
DA:99,0
DA:100,0
DA:102,0
DA:103,0
DA:105,0
DA:106,0
DA:108,0
DA:110,0
DA:113,0
DA:120,0
DA:126,0
DA:129,0
DA:135,0
DA:138,0
DA:139,0
DA:141,0
DA:144,0
DA:146,0
DA:148,0
DA:149,0
DA:150,0
DA:151,0
DA:152,0
DA:155,0
DA:158,0
DA:162,0
DA:166,0
DA:168,0
DA:172,0
DA:174,0
DA:175,0
DA:177,0
DA:180,0
DA:184,119
DA:186,119
DA:248,0
DA:249,0
DA:255,0
DA:256,0
DA:269,0
DA:270,0
DA:289,0
DA:291,0
DA:293,0
DA:351,0
DA:365,0
DA:366,0
DA:368,0
DA:389,19
DA:391,19
LF:65
LH:16
BRDA:29,0,0,19
BRDA:29,0,1,0
BRDA:29,1,0,19
BRDA:29,1,1,19
BRDA:29,2,0,0
BRDA:29,2,1,19
BRDA:29,3,0,0
BRDA:29,3,1,19
BRDA:29,4,0,0
BRDA:29,4,1,19
BRDA:29,5,0,19
BRDA:29,5,1,19
BRDA:29,5,2,19
BRDA:29,6,0,0
BRDA:29,6,1,19
BRDA:29,7,0,19
BRDA:29,7,1,19
BRDA:29,7,2,0
BRDA:29,8,0,0
BRDA:29,8,1,19
BRDA:29,9,0,19
BRDA:29,9,1,19
BRDA:29,10,0,19
BRDA:29,10,1,19
BRDA:29,11,0,532
BRDA:29,11,1,0
BRDA:29,12,0,532
BRDA:29,12,1,532
BRDA:29,13,0,532
BRDA:29,13,1,0
BRDA:29,14,0,0
BRDA:29,14,1,532
BRDA:29,15,0,532
BRDA:29,15,1,532
BRDA:29,15,2,532
BRDA:29,16,0,19
BRDA:29,16,1,0
BRDA:29,17,0,119
BRDA:29,17,1,0
BRDA:29,17,2,0
BRDA:29,17,3,0
BRDA:29,18,0,0
BRDA:29,18,1,0
BRDA:29,19,0,0
BRDA:29,19,1,0
BRDA:29,20,0,0
BRDA:29,20,1,0
BRDA:29,21,0,0
BRDA:29,21,1,0
BRDA:29,22,0,0
BRDA:29,22,1,0
BRDA:29,23,0,0
BRDA:29,23,1,0
BRDA:29,24,0,0
BRDA:29,24,1,0
BRDA:29,25,0,0
BRDA:29,25,1,0
BRDA:29,26,0,0
BRDA:29,26,1,0
BRDA:29,27,0,0
BRDA:29,27,1,0
BRDA:29,28,0,0
BRDA:29,28,1,0
BRDA:29,29,0,0
BRDA:29,29,1,0
BRDA:29,29,2,0
BRDA:29,30,0,0
BRDA:29,30,1,0
BRDA:29,31,0,0
BRDA:29,31,1,0
BRDA:29,32,0,0
BRDA:29,32,1,0
BRDA:29,33,0,0
BRDA:29,33,1,0
BRDA:29,34,0,0
BRDA:29,34,1,0
BRDA:29,35,0,0
BRDA:29,35,1,0
BRDA:29,36,0,119
BRDA:29,36,1,0
BRDA:91,37,0,40
BRDA:91,37,1,79
BRDA:91,38,0,115
BRDA:91,38,1,4
BRDA:97,39,0,0
BRDA:97,39,1,0
BRDA:105,40,0,0
BRDA:105,40,1,0
BRDA:114,41,0,0
BRDA:114,41,1,0
BRDA:120,42,0,0
BRDA:120,42,1,0
BRDA:121,43,0,0
BRDA:121,43,1,0
BRDA:129,44,0,0
BRDA:129,44,1,0
BRDA:130,45,0,0
BRDA:130,45,1,0
BRDA:138,46,0,0
BRDA:138,46,1,0
BRDA:138,47,0,0
BRDA:138,47,1,0
BRDA:162,48,0,0
BRDA:162,48,1,0
BRDA:168,49,0,0
BRDA:168,49,1,0
BRDA:174,50,0,0
BRDA:174,50,1,0
BRDA:189,51,0,119
BRDA:189,51,1,112
BRDA:196,52,0,112
BRDA:196,52,1,0
BRDA:200,53,0,112
BRDA:200,53,1,5
BRDA:232,54,0,0
BRDA:232,54,1,119
BRDA:232,55,0,119
BRDA:232,55,1,119
BRDA:232,55,2,0
BRDA:235,56,0,0
BRDA:235,56,1,119
BRDA:236,57,0,0
BRDA:236,57,1,119
BRDA:237,58,0,0
BRDA:237,58,1,119
BRDA:239,59,0,0
BRDA:239,59,1,119
BRDA:239,60,0,119
BRDA:239,60,1,119
BRDA:239,60,2,0
BRDA:260,61,0,78
BRDA:260,61,1,41
BRDA:276,62,0,0
BRDA:276,62,1,41
BRDA:278,63,0,0
BRDA:278,63,1,41
BRDA:286,64,0,78
BRDA:286,64,1,41
BRDA:291,65,0,0
BRDA:291,65,1,0
BRDA:293,66,0,0
BRDA:293,66,1,0
BRDA:293,67,0,0
BRDA:293,67,1,0
BRDA:298,68,0,7
BRDA:298,68,1,71
BRDA:312,69,0,0
BRDA:312,69,1,41
BRDA:322,70,0,0
BRDA:322,70,1,41
BRDA:333,71,0,0
BRDA:333,71,1,119
BRDA:336,72,0,0
BRDA:336,72,1,119
BRDA:339,73,0,119
BRDA:339,73,1,0
BRDA:342,74,0,0
BRDA:342,74,1,0
BRDA:358,75,0,0
BRDA:358,75,1,0
BRDA:366,76,0,0
BRDA:366,76,1,0
BRDA:371,77,0,0
BRDA:371,77,1,0
BRDA:373,78,0,0
BRDA:373,78,1,0
BRF:166
BRH:59
end_of_record
TN:
SF:src/components/MenuModal/MenuModal.tsx
FN:22,_interopRequireDefault
FN:22,_getRequireWildcardCache
FN:22,_getRequireWildcardCache
FN:22,_interopRequireWildcard
FN:22,ownKeys
FN:22,(anonymous_5)
FN:22,_objectSpread
FN:22,(anonymous_7)
FN:22,(anonymous_8)
FN:22,_defineProperty
FN:22,_slicedToArray
FN:22,_nonIterableRest
FN:22,_unsupportedIterableToArray
FN:22,_arrayLikeToArray
FN:22,_iterableToArrayLimit
FN:22,_arrayWithHoles
FN:30,MenuModal
FN:36,styleSheet
FN:88,optionSelected
FN:133,(anonymous_19)
FN:145,rowRenderItem
FN:152,onPress
FN:204,renderItem
FN:216,onConfirmPressed
FN:219,onCancelPressed
FNF:25
FNH:12
FNDA:9,_interopRequireDefault
FNDA:3,_getRequireWildcardCache
FNDA:3,_getRequireWildcardCache
FNDA:3,_interopRequireWildcard
FNDA:3,ownKeys
FNDA:0,(anonymous_5)
FNDA:3,_objectSpread
FNDA:0,(anonymous_7)
FNDA:0,(anonymous_8)
FNDA:0,_defineProperty
FNDA:9,_slicedToArray
FNDA:0,_nonIterableRest
FNDA:0,_unsupportedIterableToArray
FNDA:0,_arrayLikeToArray
FNDA:0,_iterableToArrayLimit
FNDA:9,_arrayWithHoles
FNDA:4,MenuModal
FNDA:3,styleSheet
FNDA:0,optionSelected
FNDA:0,(anonymous_19)
FNDA:18,rowRenderItem
FNDA:0,onPress
FNDA:18,renderItem
FNDA:0,onConfirmPressed
FNDA:0,onCancelPressed
DA:1,3
DA:2,3
DA:14,3
DA:16,3
DA:17,3
DA:18,3
DA:19,3
DA:20,3
DA:21,3
DA:22,84
DA:24,3
DA:29,3
DA:30,4
DA:31,3
DA:32,3
DA:33,3
DA:34,3
DA:35,3
DA:36,3
DA:87,3
DA:88,3
DA:89,0
DA:91,0
DA:92,0
DA:93,0
DA:96,0
DA:97,0
DA:98,0
DA:101,0
DA:102,0
DA:103,0
DA:106,0
DA:107,0
DA:108,0
DA:111,0
DA:112,0
DA:113,0
DA:116,0
DA:117,0
DA:120,0
DA:121,0
DA:122,0
DA:125,0
DA:126,0
DA:127,0
DA:130,0
DA:131,0
DA:133,0
DA:134,0
DA:139,0
DA:145,3
DA:146,18
DA:153,0
DA:168,3
DA:179,3
DA:190,3
DA:204,18
DA:217,0
DA:227,3
LF:59
LH:28
BRDA:22,0,0,9
BRDA:22,0,1,0
BRDA:22,1,0,9
BRDA:22,1,1,9
BRDA:22,2,0,0
BRDA:22,2,1,3
BRDA:22,3,0,0
BRDA:22,3,1,3
BRDA:22,4,0,0
BRDA:22,4,1,3
BRDA:22,5,0,3
BRDA:22,5,1,3
BRDA:22,5,2,3
BRDA:22,6,0,0
BRDA:22,6,1,3
BRDA:22,7,0,3
BRDA:22,7,1,3
BRDA:22,7,2,0
BRDA:22,8,0,0
BRDA:22,8,1,3
BRDA:22,9,0,3
BRDA:22,9,1,3
BRDA:22,10,0,3
BRDA:22,10,1,3
BRDA:22,11,0,84
BRDA:22,11,1,0
BRDA:22,12,0,84
BRDA:22,12,1,84
BRDA:22,13,0,84
BRDA:22,13,1,0
BRDA:22,14,0,0
BRDA:22,14,1,84
BRDA:22,15,0,84
BRDA:22,15,1,84
BRDA:22,15,2,84
BRDA:22,16,0,3
BRDA:22,16,1,0
BRDA:22,17,0,3
BRDA:22,17,1,0
BRDA:22,18,0,3
BRDA:22,18,1,3
BRDA:22,19,0,0
BRDA:22,19,1,3
BRDA:22,20,0,3
BRDA:22,20,1,0
BRDA:22,21,0,0
BRDA:22,21,1,0
BRDA:22,22,0,0
BRDA:22,22,1,0
BRDA:22,23,0,9
BRDA:22,23,1,0
BRDA:22,23,2,0
BRDA:22,23,3,0
BRDA:22,24,0,0
BRDA:22,24,1,0
BRDA:22,25,0,0
BRDA:22,25,1,0
BRDA:22,26,0,0
BRDA:22,26,1,0
BRDA:22,27,0,0
BRDA:22,27,1,0
BRDA:22,28,0,0
BRDA:22,28,1,0
BRDA:22,29,0,0
BRDA:22,29,1,0
BRDA:22,30,0,0
BRDA:22,30,1,0
BRDA:22,31,0,0
BRDA:22,31,1,0
BRDA:22,32,0,0
BRDA:22,32,1,0
BRDA:22,33,0,0
BRDA:22,33,1,0
BRDA:22,34,0,0
BRDA:22,34,1,0
BRDA:22,35,0,0
BRDA:22,35,1,0
BRDA:22,35,2,0
BRDA:22,36,0,0
BRDA:22,36,1,0
BRDA:22,37,0,0
BRDA:22,37,1,0
BRDA:22,38,0,0
BRDA:22,38,1,0
BRDA:22,39,0,0
BRDA:22,39,1,0
BRDA:22,40,0,0
BRDA:22,40,1,0
BRDA:22,41,0,0
BRDA:22,41,1,0
BRDA:22,42,0,9
BRDA:22,42,1,0
BRDA:89,43,0,0
BRDA:89,43,1,0
BRDA:89,43,2,0
BRDA:89,43,3,0
BRDA:89,43,4,0
BRDA:89,43,5,0
BRDA:89,43,6,0
BRDA:89,43,7,0
BRDA:89,43,8,0
BRDA:89,43,9,0
BRDA:158,44,0,2
BRDA:158,44,1,16
BRF:104
BRH:35
end_of_record
TN:
SF:src/components/MessageView/messageView.tsx
FN:4,_interopRequireDefault
FN:4,_getRequireWildcardCache
FN:4,_getRequireWildcardCache
FN:4,_interopRequireWildcard
FN:4,ownKeys
FN:4,(anonymous_5)
FN:4,_objectSpread
FN:4,(anonymous_7)
FN:4,(anonymous_8)
FN:4,_defineProperty
FN:21,MessageView
FN:42,onRequestClose
FN:85,onPress
FNF:13
FNH:7
FNDA:51,_interopRequireDefault
FNDA:51,_getRequireWildcardCache
FNDA:51,_getRequireWildcardCache
FNDA:51,_interopRequireWildcard
FNDA:102,ownKeys
FNDA:0,(anonymous_5)
FNDA:102,_objectSpread
FNDA:0,(anonymous_7)
FNDA:0,(anonymous_8)
FNDA:0,_defineProperty
FNDA:111,MessageView
FNDA:0,onRequestClose
FNDA:0,onPress
DA:1,51
DA:2,51
DA:3,51
DA:4,1428
DA:19,51
DA:21,51
DA:34,111
DA:35,85
DA:42,0
DA:85,0
DA:96,51
DA:98,51
LF:12
LH:10
BRDA:4,0,0,51
BRDA:4,0,1,0
BRDA:4,1,0,51
BRDA:4,1,1,51
BRDA:4,2,0,0
BRDA:4,2,1,51
BRDA:4,3,0,0
BRDA:4,3,1,51
BRDA:4,4,0,0
BRDA:4,4,1,51
BRDA:4,5,0,51
BRDA:4,5,1,51
BRDA:4,5,2,51
BRDA:4,6,0,0
BRDA:4,6,1,51
BRDA:4,7,0,51
BRDA:4,7,1,51
BRDA:4,7,2,0
BRDA:4,8,0,0
BRDA:4,8,1,51
BRDA:4,9,0,51
BRDA:4,9,1,51
BRDA:4,10,0,51
BRDA:4,10,1,51
BRDA:4,11,0,1428
BRDA:4,11,1,0
BRDA:4,12,0,1428
BRDA:4,12,1,1428
BRDA:4,13,0,1428
BRDA:4,13,1,0
BRDA:4,14,0,0
BRDA:4,14,1,1428
BRDA:4,15,0,1428
BRDA:4,15,1,1428
BRDA:4,15,2,1428
BRDA:4,16,0,51
BRDA:4,16,1,0
BRDA:4,17,0,102
BRDA:4,17,1,0
BRDA:4,18,0,102
BRDA:4,18,1,102
BRDA:4,19,0,102
BRDA:4,19,1,51
BRDA:4,20,0,102
BRDA:4,20,1,51
BRDA:4,21,0,51
BRDA:4,21,1,0
BRDA:4,22,0,0
BRDA:4,22,1,0
BRDA:47,23,0,85
BRDA:47,23,1,0
BRDA:68,24,0,85
BRDA:68,24,1,11
BRF:53
BRH:37
end_of_record
TN:
SF:src/components/MessageView/__test__/Props.tsx
FNF:0
FNH:0
DA:1,1
DA:13,1
LF:2
LH:2
BRF:0
BRH:0
end_of_record
TN:
SF:src/components/OpenFiles/openFile.tsx
FN:5,_interopRequireDefault
FN:5,_getRequireWildcardCache
FN:5,_getRequireWildcardCache
FN:5,_interopRequireWildcard
FN:13,OpenFile
FNF:5
FNH:5
FNDA:6,_interopRequireDefault
FNDA:3,_getRequireWildcardCache
FNDA:3,_getRequireWildcardCache
FNDA:3,_interopRequireWildcard
FNDA:7,OpenFile
DA:1,3
DA:2,3
DA:3,3
DA:4,3
DA:5,84
DA:18,7
DA:19,6
DA:59,3
LF:8
LH:8
BRDA:5,0,0,3
BRDA:5,0,1,3
BRDA:5,1,0,6
BRDA:5,1,1,3
BRDA:5,2,0,0
BRDA:5,2,1,3
BRDA:5,3,0,0
BRDA:5,3,1,3
BRDA:5,4,0,0
BRDA:5,4,1,3
BRDA:5,5,0,3
BRDA:5,5,1,3
BRDA:5,5,2,3
BRDA:5,6,0,0
BRDA:5,6,1,3
BRDA:5,7,0,3
BRDA:5,7,1,3
BRDA:5,7,2,0
BRDA:5,8,0,0
BRDA:5,8,1,3
BRDA:5,9,0,3
BRDA:5,9,1,3
BRDA:5,10,0,3
BRDA:5,10,1,3
BRDA:5,11,0,84
BRDA:5,11,1,0
BRDA:5,12,0,84
BRDA:5,12,1,84
BRDA:5,13,0,84
BRDA:5,13,1,0
BRDA:5,14,0,0
BRDA:5,14,1,84
BRDA:5,15,0,84
BRDA:5,15,1,84
BRDA:5,15,2,84
BRDA:5,16,0,3
BRDA:5,16,1,0
BRDA:40,17,0,0
BRDA:40,17,1,6
BRF:39
BRH:28
end_of_record
TN:
SF:src/components/OpenFiles/__test__/props.tsx
FNF:0
FNH:0
DA:1,1
DA:2,1
DA:3,1
DA:4,1
DA:6,1
DA:13,1
LF:6
LH:6
BRF:0
BRH:0
end_of_record
TN:
SF:src/components/PrimaryButton/PrimaryButton.tsx
FN:3,_getRequireWildcardCache
FN:3,_getRequireWildcardCache
FN:3,_interopRequireWildcard
FN:20,PrimayButton
FN:47,onPress
FNF:5
FNH:4
FNDA:58,_getRequireWildcardCache
FNDA:58,_getRequireWildcardCache
FNDA:58,_interopRequireWildcard
FNDA:80,PrimayButton
FNDA:0,onPress
DA:1,58
DA:2,58
DA:3,1624
DA:18,58
DA:20,58
DA:32,80
DA:33,78
DA:47,0
DA:55,58
DA:57,58
LF:10
LH:9
BRDA:3,0,0,0
BRDA:3,0,1,58
BRDA:3,1,0,0
BRDA:3,1,1,58
BRDA:3,2,0,0
BRDA:3,2,1,58
BRDA:3,3,0,58
BRDA:3,3,1,58
BRDA:3,3,2,58
BRDA:3,4,0,0
BRDA:3,4,1,58
BRDA:3,5,0,58
BRDA:3,5,1,58
BRDA:3,5,2,0
BRDA:3,6,0,0
BRDA:3,6,1,58
BRDA:3,7,0,58
BRDA:3,7,1,58
BRDA:3,8,0,58
BRDA:3,8,1,58
BRDA:3,9,0,1624
BRDA:3,9,1,0
BRDA:3,10,0,1624
BRDA:3,10,1,1624
BRDA:3,11,0,1624
BRDA:3,11,1,0
BRDA:3,12,0,0
BRDA:3,12,1,1624
BRDA:3,13,0,1624
BRDA:3,13,1,1624
BRDA:3,13,2,1624
BRDA:3,14,0,58
BRDA:3,14,1,0
BRDA:32,15,0,43
BRDA:32,15,1,35
BRDA:40,16,0,4
BRDA:40,16,1,74
BRF:37
BRH:27
end_of_record
TN:
SF:src/components/PrimaryButton/PrimeryButtonInstitution.tsx
FN:3,_getRequireWildcardCache
FN:3,_getRequireWildcardCache
FN:3,_interopRequireWildcard
FN:20,PrimayButton
FNF:4
FNH:4
FNDA:3,_getRequireWildcardCache
FNDA:3,_getRequireWildcardCache
FNDA:3,_interopRequireWildcard
FNDA:4,PrimayButton
DA:1,3
DA:2,3
DA:3,84
DA:18,3
DA:20,3
DA:32,4
DA:33,4
DA:56,3
DA:58,3
LF:9
LH:9
BRDA:3,0,0,0
BRDA:3,0,1,3
BRDA:3,1,0,0
BRDA:3,1,1,3
BRDA:3,2,0,0
BRDA:3,2,1,3
BRDA:3,3,0,3
BRDA:3,3,1,3
BRDA:3,3,2,3
BRDA:3,4,0,0
BRDA:3,4,1,3
BRDA:3,5,0,3
BRDA:3,5,1,3
BRDA:3,5,2,0
BRDA:3,6,0,0
BRDA:3,6,1,3
BRDA:3,7,0,3
BRDA:3,7,1,3
BRDA:3,8,0,3
BRDA:3,8,1,3
BRDA:3,9,0,84
BRDA:3,9,1,0
BRDA:3,10,0,84
BRDA:3,10,1,84
BRDA:3,11,0,84
BRDA:3,11,1,0
BRDA:3,12,0,0
BRDA:3,12,1,84
BRDA:3,13,0,84
BRDA:3,13,1,84
BRDA:3,13,2,84
BRDA:3,14,0,3
BRDA:3,14,1,0
BRDA:32,15,0,2
BRDA:32,15,1,2
BRDA:40,16,0,2
BRDA:40,16,1,2
BRF:37
BRH:27
end_of_record
TN:
SF:src/components/SearchBar/SearchBar.tsx
FN:9,_interopRequireDefault
FN:9,_getRequireWildcardCache
FN:9,_getRequireWildcardCache
FN:9,_interopRequireWildcard
FN:9,_slicedToArray
FN:9,_nonIterableRest
FN:9,_unsupportedIterableToArray
FN:9,_arrayLikeToArray
FN:9,_iterableToArrayLimit
FN:9,_arrayWithHoles
FN:21,SearchBar
FN:37,onChangeText
FN:48,onPress
FNF:13
FNH:9
FNDA:2,_interopRequireDefault
FNDA:2,_getRequireWildcardCache
FNDA:2,_getRequireWildcardCache
FNDA:2,_interopRequireWildcard
FNDA:4,_slicedToArray
FNDA:0,_nonIterableRest
FNDA:0,_unsupportedIterableToArray
FNDA:0,_arrayLikeToArray
FNDA:0,_iterableToArrayLimit
FNDA:4,_arrayWithHoles
FNDA:5,SearchBar
FNDA:1,onChangeText
FNDA:1,onPress
DA:1,2
DA:2,2
DA:8,2
DA:9,56
DA:21,5
DA:22,4
DA:23,4
DA:38,1
DA:39,1
DA:49,1
DA:50,1
DA:60,2
DA:73,2
LF:13
LH:13
BRDA:9,0,0,2
BRDA:9,0,1,0
BRDA:9,1,0,2
BRDA:9,1,1,2
BRDA:9,2,0,0
BRDA:9,2,1,2
BRDA:9,3,0,0
BRDA:9,3,1,2
BRDA:9,4,0,0
BRDA:9,4,1,2
BRDA:9,5,0,2
BRDA:9,5,1,2
BRDA:9,5,2,2
BRDA:9,6,0,0
BRDA:9,6,1,2
BRDA:9,7,0,2
BRDA:9,7,1,2
BRDA:9,7,2,0
BRDA:9,8,0,0
BRDA:9,8,1,2
BRDA:9,9,0,2
BRDA:9,9,1,2
BRDA:9,10,0,2
BRDA:9,10,1,2
BRDA:9,11,0,56
BRDA:9,11,1,0
BRDA:9,12,0,56
BRDA:9,12,1,56
BRDA:9,13,0,56
BRDA:9,13,1,0
BRDA:9,14,0,0
BRDA:9,14,1,56
BRDA:9,15,0,56
BRDA:9,15,1,56
BRDA:9,15,2,56
BRDA:9,16,0,2
BRDA:9,16,1,0
BRDA:9,17,0,4
BRDA:9,17,1,0
BRDA:9,17,2,0
BRDA:9,17,3,0
BRDA:9,18,0,0
BRDA:9,18,1,0
BRDA:9,19,0,0
BRDA:9,19,1,0
BRDA:9,20,0,0
BRDA:9,20,1,0
BRDA:9,21,0,0
BRDA:9,21,1,0
BRDA:9,22,0,0
BRDA:9,22,1,0
BRDA:9,23,0,0
BRDA:9,23,1,0
BRDA:9,24,0,0
BRDA:9,24,1,0
BRDA:9,25,0,0
BRDA:9,25,1,0
BRDA:9,26,0,0
BRDA:9,26,1,0
BRDA:9,27,0,0
BRDA:9,27,1,0
BRDA:9,28,0,0
BRDA:9,28,1,0
BRDA:9,29,0,0
BRDA:9,29,1,0
BRDA:9,29,2,0
BRDA:9,30,0,0
BRDA:9,30,1,0
BRDA:9,31,0,0
BRDA:9,31,1,0
BRDA:9,32,0,0
BRDA:9,32,1,0
BRDA:9,33,0,0
BRDA:9,33,1,0
BRDA:9,34,0,0
BRDA:9,34,1,0
BRDA:9,35,0,0
BRDA:9,35,1,0
BRDA:9,36,0,4
BRDA:9,36,1,0
BRDA:35,37,0,1
BRDA:35,37,1,3
BRDA:44,38,0,1
BRDA:44,38,1,3
BRF:84
BRH:32
end_of_record
TN:
SF:src/components/SnackBar/Toast.tsx
FN:5,_getRequireWildcardCache
FN:5,_getRequireWildcardCache
FN:5,_interopRequireWildcard
FN:17,ToastAlert
FNF:4
FNH:4
FNDA:3,_getRequireWildcardCache
FNDA:3,_getRequireWildcardCache
FNDA:3,_interopRequireWildcard
FNDA:6,ToastAlert
DA:1,3
DA:2,3
DA:3,3
DA:4,3
DA:5,84
DA:15,3
DA:17,3
DA:23,6
DA:24,5
DA:41,3
DA:43,3
LF:11
LH:11
BRDA:5,0,0,0
BRDA:5,0,1,3
BRDA:5,1,0,0
BRDA:5,1,1,3
BRDA:5,2,0,0
BRDA:5,2,1,3
BRDA:5,3,0,3
BRDA:5,3,1,3
BRDA:5,3,2,3
BRDA:5,4,0,0
BRDA:5,4,1,3
BRDA:5,5,0,3
BRDA:5,5,1,3
BRDA:5,5,2,0
BRDA:5,6,0,0
BRDA:5,6,1,3
BRDA:5,7,0,3
BRDA:5,7,1,3
BRDA:5,8,0,3
BRDA:5,8,1,3
BRDA:5,9,0,84
BRDA:5,9,1,0
BRDA:5,10,0,84
BRDA:5,10,1,84
BRDA:5,11,0,84
BRDA:5,11,1,0
BRDA:5,12,0,0
BRDA:5,12,1,84
BRDA:5,13,0,84
BRDA:5,13,1,84
BRDA:5,13,2,84
BRDA:5,14,0,3
BRDA:5,14,1,0
BRF:33
BRH:23
end_of_record
TN:
SF:src/components/SnackBar/__test__/Prosp.ts
FNF:0
FNH:0
DA:1,1
DA:2,1
DA:3,1
DA:4,1
DA:5,1
DA:7,1
DA:12,1
LF:7
LH:7
BRF:0
BRH:0
end_of_record
TN:
SF:src/components/Swipeable/swipeable.tsx
FN:5,_getRequireWildcardCache
FN:5,_getRequireWildcardCache
FN:5,_interopRequireWildcard
FN:13,SwipeableComponent
FN:20,renderRightAction
FN:25,pressHandler
FN:39,renderRightActions
FN:45,close
FNF:8
FNH:6
FNDA:3,_getRequireWildcardCache
FNDA:3,_getRequireWildcardCache
FNDA:3,_interopRequireWildcard
FNDA:3,SwipeableComponent
FNDA:2,renderRightAction
FNDA:0,pressHandler
FNDA:2,renderRightActions
FNDA:0,close
DA:1,3
DA:2,3
DA:4,3
DA:5,84
DA:17,3
DA:18,2
DA:20,2
DA:21,2
DA:25,2
DA:26,0
DA:29,2
DA:39,2
DA:45,2
DA:46,0
DA:48,2
DA:69,3
LF:16
LH:14
BRDA:5,0,0,0
BRDA:5,0,1,3
BRDA:5,1,0,0
BRDA:5,1,1,3
BRDA:5,2,0,0
BRDA:5,2,1,3
BRDA:5,3,0,3
BRDA:5,3,1,3
BRDA:5,3,2,3
BRDA:5,4,0,0
BRDA:5,4,1,3
BRDA:5,5,0,3
BRDA:5,5,1,3
BRDA:5,5,2,0
BRDA:5,6,0,0
BRDA:5,6,1,3
BRDA:5,7,0,3
BRDA:5,7,1,3
BRDA:5,8,0,3
BRDA:5,8,1,3
BRDA:5,9,0,84
BRDA:5,9,1,0
BRDA:5,10,0,84
BRDA:5,10,1,84
BRDA:5,11,0,84
BRDA:5,11,1,0
BRDA:5,12,0,0
BRDA:5,12,1,84
BRDA:5,13,0,84
BRDA:5,13,1,84
BRDA:5,13,2,84
BRDA:5,14,0,3
BRDA:5,14,1,0
BRDA:40,15,0,0
BRDA:40,15,1,2
BRDA:46,16,0,0
BRDA:46,16,1,0
BRF:37
BRH:24
end_of_record
TN:
SF:src/components/Swipeable/__test__/Props.ts
FNF:0
FNH:0
DA:1,1
DA:2,1
DA:3,1
DA:5,1
DA:8,1
LF:5
LH:5
BRF:0
BRH:0
end_of_record
TN:
SF:src/components/TextInput/TextInputContainer.tsx
FN:23,_interopRequireDefault
FN:23,_getRequireWildcardCache
FN:23,_getRequireWildcardCache
FN:23,_interopRequireWildcard
FN:70,InputTextComponent
FNF:5
FNH:5
FNDA:18,_interopRequireDefault
FNDA:18,_getRequireWildcardCache
FNDA:18,_getRequireWildcardCache
FNDA:18,_interopRequireWildcard
FNDA:131,InputTextComponent
DA:1,18
DA:2,18
DA:14,18
DA:22,18
DA:23,504
DA:30,18
DA:31,18
DA:104,131
DA:105,119
DA:219,18
LF:10
LH:10
BRDA:23,0,0,18
BRDA:23,0,1,0
BRDA:23,1,0,18
BRDA:23,1,1,18
BRDA:23,2,0,0
BRDA:23,2,1,18
BRDA:23,3,0,0
BRDA:23,3,1,18
BRDA:23,4,0,0
BRDA:23,4,1,18
BRDA:23,5,0,18
BRDA:23,5,1,18
BRDA:23,5,2,18
BRDA:23,6,0,0
BRDA:23,6,1,18
BRDA:23,7,0,18
BRDA:23,7,1,18
BRDA:23,7,2,0
BRDA:23,8,0,0
BRDA:23,8,1,18
BRDA:23,9,0,18
BRDA:23,9,1,18
BRDA:23,10,0,18
BRDA:23,10,1,18
BRDA:23,11,0,504
BRDA:23,11,1,0
BRDA:23,12,0,504
BRDA:23,12,1,504
BRDA:23,13,0,504
BRDA:23,13,1,0
BRDA:23,14,0,0
BRDA:23,14,1,504
BRDA:23,15,0,504
BRDA:23,15,1,504
BRDA:23,15,2,504
BRDA:23,16,0,18
BRDA:23,16,1,0
BRDA:104,17,0,68
BRDA:104,17,1,51
BRDA:104,18,0,109
BRDA:104,18,1,10
BRDA:113,19,0,112
BRDA:113,19,1,7
BRDA:120,20,0,99
BRDA:120,20,1,20
BRDA:124,21,0,119
BRDA:124,21,1,0
BRDA:151,22,0,0
BRDA:151,22,1,119
BRDA:188,23,0,119
BRDA:188,23,1,95
BRDA:188,23,2,95
BRDA:200,24,0,1
BRDA:200,24,1,118
BRDA:209,25,0,0
BRDA:209,25,1,119
BRF:56
BRH:42
end_of_record
TN:
SF:src/components/TextInput/__text__/Props.ts
FN:9,onFocus
FNF:1
FNH:0
FNDA:0,onFocus
DA:1,1
DA:2,1
DA:3,1
DA:4,1
DA:5,1
DA:6,1
DA:7,1
DA:8,1
DA:9,1
DA:10,1
DA:11,1
DA:12,1
DA:13,1
DA:14,1
DA:15,1
DA:16,1
DA:17,1
DA:18,1
DA:19,1
DA:20,1
DA:21,1
DA:22,1
DA:23,1
DA:24,1
DA:25,1
DA:26,1
DA:27,1
DA:28,1
DA:29,1
DA:30,1
DA:32,1
DA:64,1
LF:32
LH:32
BRF:0
BRH:0
end_of_record
TN:
SF:src/components/ToggleSwitch/toggleSwitch.tsx
FN:5,_interopRequireDefault
FN:17,ToggleSwitchComponent
FNF:2
FNH:2
FNDA:18,_interopRequireDefault
FNDA:29,ToggleSwitchComponent
DA:1,6
DA:2,6
DA:3,6
DA:4,6
DA:5,18
DA:16,6
DA:17,6
DA:23,29
DA:25,29
DA:41,6
DA:52,6
LF:11
LH:11
BRDA:5,0,0,12
BRDA:5,0,1,6
BRDA:5,1,0,18
BRDA:5,1,1,18
BRF:4
BRH:4
end_of_record
TN:
SF:src/components/__test__/props.tsx
FNF:0
FNH:0
DA:1,1
DA:2,1
DA:3,1
DA:6,1
DA:12,1
LF:5
LH:5
BRF:0
BRH:0
end_of_record
TN:
SF:src/components/articlesCard/ArticlesCard.tsx
FN:12,_interopRequireDefault
FN:22,ArticlesCard
FN:31,onPress
FN:65,onPressed
FNF:4
FNH:2
FNDA:15,_interopRequireDefault
FNDA:3,ArticlesCard
FNDA:0,onPress
FNDA:0,onPressed
DA:1,5
DA:2,5
DA:8,5
DA:9,5
DA:10,5
DA:11,5
DA:12,15
DA:20,5
DA:22,5
DA:24,3
DA:25,2
DA:26,2
DA:27,2
DA:29,2
DA:31,0
DA:93,5
DA:177,5
LF:17
LH:16
BRDA:12,0,0,10
BRDA:12,0,1,5
BRDA:12,1,0,15
BRDA:12,1,1,15
BRDA:25,2,0,2
BRDA:25,2,1,2
BRDA:25,2,2,2
BRDA:34,3,0,2
BRDA:34,3,1,0
BRDA:34,4,0,2
BRDA:34,4,1,2
BRDA:82,5,0,2
BRDA:82,5,1,0
BRF:13
BRH:11
end_of_record
TN:
SF:src/components/blurView/StableBlurView.tsx
FN:3,_getRequireWildcardCache
FN:3,_getRequireWildcardCache
FN:3,_interopRequireWildcard
FN:3,_extends
FN:3,(anonymous_4)
FN:3,_slicedToArray
FN:3,_nonIterableRest
FN:3,_unsupportedIterableToArray
FN:3,_arrayLikeToArray
FN:3,_iterableToArrayLimit
FN:3,_arrayWithHoles
FN:13,(anonymous_11)
FN:18,(anonymous_12)
FN:19,(anonymous_13)
FNF:14
FNH:7
FNDA:2,_getRequireWildcardCache
FNDA:2,_getRequireWildcardCache
FNDA:2,_interopRequireWildcard
FNDA:0,_extends
FNDA:0,(anonymous_4)
FNDA:3,_slicedToArray
FNDA:0,_nonIterableRest
FNDA:0,_unsupportedIterableToArray
FNDA:0,_arrayLikeToArray
FNDA:0,_iterableToArrayLimit
FNDA:3,_arrayWithHoles
FNDA:3,(anonymous_11)
FNDA:3,(anonymous_12)
FNDA:0,(anonymous_13)
DA:1,2
DA:2,2
DA:3,56
DA:13,2
DA:14,3
DA:15,3
DA:18,3
DA:19,3
DA:22,3
DA:23,0
DA:26,2
LF:11
LH:10
BRDA:3,0,0,0
BRDA:3,0,1,2
BRDA:3,1,0,0
BRDA:3,1,1,2
BRDA:3,2,0,0
BRDA:3,2,1,2
BRDA:3,3,0,2
BRDA:3,3,1,2
BRDA:3,3,2,2
BRDA:3,4,0,0
BRDA:3,4,1,2
BRDA:3,5,0,2
BRDA:3,5,1,2
BRDA:3,5,2,0
BRDA:3,6,0,0
BRDA:3,6,1,2
BRDA:3,7,0,2
BRDA:3,7,1,2
BRDA:3,8,0,2
BRDA:3,8,1,2
BRDA:3,9,0,56
BRDA:3,9,1,0
BRDA:3,10,0,56
BRDA:3,10,1,56
BRDA:3,11,0,56
BRDA:3,11,1,0
BRDA:3,12,0,0
BRDA:3,12,1,56
BRDA:3,13,0,56
BRDA:3,13,1,56
BRDA:3,13,2,56
BRDA:3,14,0,2
BRDA:3,14,1,0
BRDA:3,15,0,0
BRDA:3,15,1,0
BRDA:3,16,0,0
BRDA:3,16,1,0
BRDA:3,17,0,3
BRDA:3,17,1,0
BRDA:3,17,2,0
BRDA:3,17,3,0
BRDA:3,18,0,0
BRDA:3,18,1,0
BRDA:3,19,0,0
BRDA:3,19,1,0
BRDA:3,20,0,0
BRDA:3,20,1,0
BRDA:3,21,0,0
BRDA:3,21,1,0
BRDA:3,22,0,0
BRDA:3,22,1,0
BRDA:3,23,0,0
BRDA:3,23,1,0
BRDA:3,24,0,0
BRDA:3,24,1,0
BRDA:3,25,0,0
BRDA:3,25,1,0
BRDA:3,26,0,0
BRDA:3,26,1,0
BRDA:3,27,0,0
BRDA:3,27,1,0
BRDA:3,28,0,0
BRDA:3,28,1,0
BRDA:3,29,0,0
BRDA:3,29,1,0
BRDA:3,29,2,0
BRDA:3,30,0,0
BRDA:3,30,1,0
BRDA:3,31,0,0
BRDA:3,31,1,0
BRDA:3,32,0,0
BRDA:3,32,1,0
BRDA:3,33,0,0
BRDA:3,33,1,0
BRDA:3,34,0,0
BRDA:3,34,1,0
BRDA:3,35,0,0
BRDA:3,35,1,0
BRDA:3,36,0,3
BRDA:3,36,1,0
BRDA:15,37,0,3
BRDA:15,37,1,0
BRDA:22,38,0,3
BRDA:22,38,1,0
BRF:84
BRH:27
end_of_record
TN:
SF:src/components/bottombar/Bottombar.tsx
FN:15,_getRequireWildcardCache
FN:15,_getRequireWildcardCache
FN:15,_interopRequireWildcard
FN:15,_slicedToArray
FN:15,_nonIterableRest
FN:15,_unsupportedIterableToArray
FN:15,_arrayLikeToArray
FN:15,_iterableToArrayLimit
FN:15,_arrayWithHoles
FN:28,BottomBar
FN:41,(anonymous_10)
FN:45,routeNavigator
FN:60,renderTabButton
FN:65,onPress
FNF:14
FNH:7
FNDA:2,_getRequireWildcardCache
FNDA:2,_getRequireWildcardCache
FNDA:2,_interopRequireWildcard
FNDA:4,_slicedToArray
FNDA:0,_nonIterableRest
FNDA:0,_unsupportedIterableToArray
FNDA:0,_arrayLikeToArray
FNDA:0,_iterableToArrayLimit
FNDA:4,_arrayWithHoles
FNDA:2,BottomBar
FNDA:2,(anonymous_10)
FNDA:0,routeNavigator
FNDA:0,renderTabButton
FNDA:0,onPress
DA:1,2
DA:2,2
DA:11,2
DA:12,2
DA:13,2
DA:14,2
DA:15,56
DA:26,2
DA:28,2
DA:31,2
DA:32,2
DA:34,2
DA:35,2
DA:36,2
DA:37,2
DA:38,2
DA:39,2
DA:41,2
DA:42,2
DA:45,2
DA:46,0
DA:48,0
DA:50,0
DA:52,0
DA:54,0
DA:56,0
DA:60,2
DA:61,0
DA:66,0
DA:67,0
DA:82,2
DA:129,2
DA:147,2
LF:33
LH:24
BRDA:15,0,0,0
BRDA:15,0,1,2
BRDA:15,1,0,0
BRDA:15,1,1,2
BRDA:15,2,0,0
BRDA:15,2,1,2
BRDA:15,3,0,2
BRDA:15,3,1,2
BRDA:15,3,2,2
BRDA:15,4,0,0
BRDA:15,4,1,2
BRDA:15,5,0,2
BRDA:15,5,1,2
BRDA:15,5,2,0
BRDA:15,6,0,0
BRDA:15,6,1,2
BRDA:15,7,0,2
BRDA:15,7,1,2
BRDA:15,8,0,2
BRDA:15,8,1,2
BRDA:15,9,0,56
BRDA:15,9,1,0
BRDA:15,10,0,56
BRDA:15,10,1,56
BRDA:15,11,0,56
BRDA:15,11,1,0
BRDA:15,12,0,0
BRDA:15,12,1,56
BRDA:15,13,0,56
BRDA:15,13,1,56
BRDA:15,13,2,56
BRDA:15,14,0,2
BRDA:15,14,1,0
BRDA:15,15,0,4
BRDA:15,15,1,0
BRDA:15,15,2,0
BRDA:15,15,3,0
BRDA:15,16,0,0
BRDA:15,16,1,0
BRDA:15,17,0,0
BRDA:15,17,1,0
BRDA:15,18,0,0
BRDA:15,18,1,0
BRDA:15,19,0,0
BRDA:15,19,1,0
BRDA:15,20,0,0
BRDA:15,20,1,0
BRDA:15,21,0,0
BRDA:15,21,1,0
BRDA:15,22,0,0
BRDA:15,22,1,0
BRDA:15,23,0,0
BRDA:15,23,1,0
BRDA:15,24,0,0
BRDA:15,24,1,0
BRDA:15,25,0,0
BRDA:15,25,1,0
BRDA:15,26,0,0
BRDA:15,26,1,0
BRDA:15,27,0,0
BRDA:15,27,1,0
BRDA:15,27,2,0
BRDA:15,28,0,0
BRDA:15,28,1,0
BRDA:15,29,0,0
BRDA:15,29,1,0
BRDA:15,30,0,0
BRDA:15,30,1,0
BRDA:15,31,0,0
BRDA:15,31,1,0
BRDA:15,32,0,0
BRDA:15,32,1,0
BRDA:15,33,0,0
BRDA:15,33,1,0
BRDA:15,34,0,4
BRDA:15,34,1,0
BRDA:46,35,0,0
BRDA:46,35,1,0
BRDA:46,35,2,0
BRDA:46,35,3,0
BRDA:46,35,4,0
BRDA:69,36,0,0
BRDA:69,36,1,0
BRDA:73,37,0,0
BRDA:73,37,1,0
BRDA:135,38,0,0
BRDA:135,38,1,2
BRF:87
BRH:26
end_of_record
TN:
SF:src/components/buttons/BackButton.tsx
FN:3,_interopRequireDefault
FN:13,BackButton
FNF:2
FNH:2
FNDA:4,_interopRequireDefault
FNDA:5,BackButton
DA:1,4
DA:2,4
DA:3,4
DA:6,4
DA:12,4
DA:13,5
DA:14,5
DA:31,5
DA:44,4
LF:9
LH:9
BRDA:3,0,0,0
BRDA:3,0,1,4
BRDA:3,1,0,4
BRDA:3,1,1,4
BRF:4
BRH:3
end_of_record
TN:
SF:src/components/buttons/OkayButton.tsx
FN:4,_interopRequireDefault
FN:17,OkayButton
FNF:2
FNH:2
FNDA:10,_interopRequireDefault
FNDA:22,OkayButton
DA:1,10
DA:2,10
DA:3,10
DA:4,10
DA:7,10
DA:8,10
DA:17,10
DA:22,22
DA:23,17
DA:42,17
DA:52,10
LF:11
LH:11
BRDA:4,0,0,0
BRDA:4,0,1,10
BRDA:4,1,0,10
BRDA:4,1,1,10
BRDA:28,2,0,11
BRDA:28,2,1,6
BRDA:29,3,0,4
BRDA:29,3,1,13
BRF:8
BRH:7
end_of_record
TN:
SF:src/components/buttons/ResendOtpButton.tsx
FN:10,_interopRequireDefault
FN:10,_getRequireWildcardCache
FN:10,_getRequireWildcardCache
FN:10,_interopRequireWildcard
FN:10,_slicedToArray
FN:10,_nonIterableRest
FN:10,_unsupportedIterableToArray
FN:10,_arrayLikeToArray
FN:10,_iterableToArrayLimit
FN:10,_arrayWithHoles
FN:22,ResendOtpButton
FN:38,(anonymous_11)
FN:39,(anonymous_12)
FN:44,getTimeDiff
FN:44,getTimeDiff$
FN:69,(anonymous_15)
FN:74,(anonymous_16)
FN:77,(anonymous_17)
FN:79,(anonymous_18)
FN:97,(anonymous_19)
FN:104,(anonymous_20)
FNF:21
FNH:12
FNDA:9,_interopRequireDefault
FNDA:3,_getRequireWildcardCache
FNDA:3,_getRequireWildcardCache
FNDA:3,_interopRequireWildcard
FNDA:64,_slicedToArray
FNDA:0,_nonIterableRest
FNDA:0,_unsupportedIterableToArray
FNDA:0,_arrayLikeToArray
FNDA:0,_iterableToArrayLimit
FNDA:64,_arrayWithHoles
FNDA:10,ResendOtpButton
FNDA:4,(anonymous_11)
FNDA:0,(anonymous_12)
FNDA:0,getTimeDiff
FNDA:0,getTimeDiff$
FNDA:4,(anonymous_15)
FNDA:8,(anonymous_16)
FNDA:0,(anonymous_17)
FNDA:0,(anonymous_18)
FNDA:8,(anonymous_19)
FNDA:4,(anonymous_20)
DA:1,3
DA:2,3
DA:3,3
DA:4,3
DA:6,3
DA:7,3
DA:8,3
DA:9,3
DA:10,84
DA:12,3
DA:13,3
DA:22,3
DA:27,10
DA:28,8
DA:29,8
DA:30,8
DA:31,8
DA:32,8
DA:33,8
DA:34,8
DA:35,8
DA:36,8
DA:38,8
DA:39,4
DA:40,0
DA:44,0
DA:45,0
DA:46,0
DA:50,0
DA:54,0
DA:55,0
DA:57,0
DA:58,0
DA:59,0
DA:60,0
DA:62,0
DA:65,0
DA:66,0
DA:69,4
DA:70,4
DA:74,8
DA:76,8
DA:77,8
DA:78,0
DA:79,0
DA:80,0
DA:81,0
DA:82,0
DA:84,0
DA:85,0
DA:86,0
DA:88,0
DA:89,0
DA:91,0
DA:97,8
DA:98,8
DA:99,8
DA:104,8
DA:105,4
DA:106,4
DA:107,4
DA:108,4
DA:109,4
DA:110,4
DA:111,4
DA:114,8
DA:150,8
DA:177,3
LF:68
LH:43
BRDA:10,0,0,6
BRDA:10,0,1,3
BRDA:10,1,0,9
BRDA:10,1,1,9
BRDA:10,2,0,0
BRDA:10,2,1,3
BRDA:10,3,0,0
BRDA:10,3,1,3
BRDA:10,4,0,0
BRDA:10,4,1,3
BRDA:10,5,0,3
BRDA:10,5,1,3
BRDA:10,5,2,3
BRDA:10,6,0,0
BRDA:10,6,1,3
BRDA:10,7,0,3
BRDA:10,7,1,3
BRDA:10,7,2,0
BRDA:10,8,0,0
BRDA:10,8,1,3
BRDA:10,9,0,3
BRDA:10,9,1,3
BRDA:10,10,0,3
BRDA:10,10,1,3
BRDA:10,11,0,84
BRDA:10,11,1,0
BRDA:10,12,0,84
BRDA:10,12,1,84
BRDA:10,13,0,84
BRDA:10,13,1,0
BRDA:10,14,0,0
BRDA:10,14,1,84
BRDA:10,15,0,84
BRDA:10,15,1,84
BRDA:10,15,2,84
BRDA:10,16,0,3
BRDA:10,16,1,0
BRDA:10,17,0,64
BRDA:10,17,1,0
BRDA:10,17,2,0
BRDA:10,17,3,0
BRDA:10,18,0,0
BRDA:10,18,1,0
BRDA:10,19,0,0
BRDA:10,19,1,0
BRDA:10,20,0,0
BRDA:10,20,1,0
BRDA:10,21,0,0
BRDA:10,21,1,0
BRDA:10,22,0,0
BRDA:10,22,1,0
BRDA:10,23,0,0
BRDA:10,23,1,0
BRDA:10,24,0,0
BRDA:10,24,1,0
BRDA:10,25,0,0
BRDA:10,25,1,0
BRDA:10,26,0,0
BRDA:10,26,1,0
BRDA:10,27,0,0
BRDA:10,27,1,0
BRDA:10,28,0,0
BRDA:10,28,1,0
BRDA:10,29,0,0
BRDA:10,29,1,0
BRDA:10,29,2,0
BRDA:10,30,0,0
BRDA:10,30,1,0
BRDA:10,31,0,0
BRDA:10,31,1,0
BRDA:10,32,0,0
BRDA:10,32,1,0
BRDA:10,33,0,0
BRDA:10,33,1,0
BRDA:10,34,0,0
BRDA:10,34,1,0
BRDA:10,35,0,0
BRDA:10,35,1,0
BRDA:10,36,0,64
BRDA:10,36,1,0
BRDA:40,37,0,0
BRDA:40,37,1,0
BRDA:41,38,0,0
BRDA:41,38,1,0
BRDA:44,39,0,0
BRDA:44,39,1,0
BRDA:44,39,2,0
BRDA:44,39,3,0
BRDA:50,40,0,0
BRDA:50,40,1,0
BRDA:51,41,0,0
BRDA:51,41,1,0
BRDA:76,42,0,8
BRDA:76,42,1,0
BRDA:78,43,0,0
BRDA:78,43,1,0
BRDA:80,44,0,0
BRDA:80,44,1,0
BRDA:81,45,0,0
BRDA:81,45,1,0
BRDA:84,46,0,0
BRDA:84,46,1,0
BRDA:88,47,0,0
BRDA:88,47,1,0
BRDA:98,48,0,8
BRDA:98,48,1,0
BRDA:136,49,0,0
BRDA:136,49,1,8
BRDA:142,50,0,0
BRDA:142,50,1,8
BRDA:166,51,0,8
BRDA:166,51,1,0
BRDA:168,52,0,0
BRDA:168,52,1,0
BRDA:169,53,0,0
BRDA:169,53,1,0
BRF:116
BRH:34
end_of_record
TN:
SF:src/components/buttons/SkipButton.tsx
FN:3,_interopRequireDefault
FN:18,SkipButton
FNF:2
FNH:2
FNDA:3,_interopRequireDefault
FNDA:5,SkipButton
DA:1,3
DA:2,3
DA:3,3
DA:11,3
DA:12,3
DA:18,5
DA:19,5
DA:31,3
DA:46,3
LF:9
LH:9
BRDA:3,0,0,0
BRDA:3,0,1,3
BRDA:3,1,0,3
BRDA:3,1,1,3
BRF:4
BRH:3
end_of_record
TN:
SF:src/components/buttons/SocialLoginButton.tsx
FN:9,_interopRequireDefault
FN:19,returnSocialLogo
FN:48,SocialLoginButton
FNF:3
FNH:3
FNDA:6,_interopRequireDefault
FNDA:7,returnSocialLogo
FNDA:9,SocialLoginButton
DA:1,6
DA:2,6
DA:9,6
DA:18,6
DA:19,6
DA:20,7
DA:21,5
DA:27,2
DA:28,0
DA:31,2
DA:32,2
DA:39,0
DA:48,6
DA:54,9
DA:55,7
DA:68,6
DA:98,6
LF:17
LH:15
BRDA:9,0,0,0
BRDA:9,0,1,6
BRDA:9,1,0,6
BRDA:9,1,1,6
BRDA:20,2,0,5
BRDA:20,2,1,2
BRDA:27,3,0,0
BRDA:27,3,1,2
BRDA:31,4,0,2
BRDA:31,4,1,0
BRF:10
BRH:7
end_of_record
TN:
SF:src/components/buttons/SubmitButton.tsx
FN:4,_interopRequireDefault
FN:17,SubmitButton
FN:50,onPress
FNF:3
FNH:2
FNDA:10,_interopRequireDefault
FNDA:20,SubmitButton
FNDA:0,onPress
DA:1,10
DA:2,10
DA:4,10
DA:6,10
DA:17,10
DA:24,20
DA:25,20
DA:45,20
DA:50,0
DA:56,10
LF:10
LH:9
BRDA:4,0,0,0
BRDA:4,0,1,10
BRDA:4,1,0,10
BRDA:4,1,1,10
BRDA:27,2,0,15
BRDA:27,2,1,5
BRDA:29,3,0,1
BRDA:29,3,1,4
BRF:8
BRH:7
end_of_record
TN:
SF:src/components/container/Container.tsx
FN:2,_interopRequireDefault
FN:4,Container
FNF:2
FNH:2
FNDA:105,_interopRequireDefault
FNDA:5786,Container
DA:1,105
DA:2,105
DA:4,5786
DA:5,5744
DA:8,105
LF:5
LH:5
BRDA:2,0,0,0
BRDA:2,0,1,105
BRDA:2,1,0,105
BRDA:2,1,1,105
BRF:4
BRH:3
end_of_record
TN:
SF:src/components/container/SectionContainer.tsx
FN:11,_interopRequireDefault
FN:24,SectionContainer
FN:78,onPressTab
FN:93,onPress
FNF:4
FNH:2
FNDA:9,_interopRequireDefault
FNDA:13,SectionContainer
FNDA:0,onPressTab
FNDA:0,onPress
DA:1,3
DA:2,3
DA:3,3
DA:4,3
DA:11,9
DA:13,3
DA:14,3
DA:24,3
DA:30,13
DA:31,11
DA:72,11
DA:78,0
DA:93,0
DA:106,3
LF:14
LH:12
BRDA:11,0,0,6
BRDA:11,0,1,3
BRDA:11,1,0,9
BRDA:11,1,1,9
BRDA:30,2,0,0
BRDA:30,2,1,11
BRDA:76,3,0,5
BRDA:76,3,1,6
BRDA:92,4,0,5
BRDA:92,4,1,6
BRF:10
BRH:9
end_of_record
TN:
SF:src/components/dashboard/InputField.tsx
FN:15,_interopRequireDefault
FN:56,InputField
FN:143,onChangeText
FN:157,onPress
FNF:4
FNH:2
FNDA:9,_interopRequireDefault
FNDA:9,InputField
FNDA:0,onChangeText
FNDA:0,onPress
DA:1,3
DA:2,3
DA:12,3
DA:13,3
DA:14,3
DA:15,9
DA:55,3
DA:56,3
DA:87,9
DA:88,7
DA:143,0
DA:157,0
DA:189,3
DA:257,3
DA:279,3
LF:15
LH:13
BRDA:15,0,0,6
BRDA:15,0,1,3
BRDA:15,1,0,9
BRDA:15,1,1,9
BRDA:87,2,0,0
BRDA:87,2,1,7
BRDA:93,3,0,2
BRDA:93,3,1,5
BRDA:96,4,0,2
BRDA:96,4,1,5
BRDA:99,5,0,2
BRDA:99,5,1,5
BRDA:100,6,0,2
BRDA:100,6,1,5
BRDA:126,7,0,2
BRDA:126,7,1,5
BRDA:147,8,0,2
BRDA:147,8,1,5
BRDA:156,9,0,2
BRDA:156,9,1,5
BRDA:165,10,0,2
BRDA:165,10,1,5
BRDA:174,11,0,2
BRDA:174,11,1,5
BRDA:184,12,0,2
BRDA:184,12,1,5
BRF:26
BRH:25
end_of_record
TN:
SF:src/components/dashboard/__test__/props.tsx
FNF:0
FNH:0
DA:1,1
DA:2,1
DA:3,1
DA:4,1
DA:5,1
DA:6,1
DA:7,1
DA:8,1
DA:9,1
DA:10,1
DA:11,1
DA:12,1
DA:13,1
DA:14,1
DA:15,1
DA:16,1
DA:17,1
DA:18,1
DA:19,1
DA:20,1
DA:21,1
DA:22,1
DA:23,1
DA:24,1
DA:25,1
DA:26,1
DA:27,1
DA:28,1
DA:29,1
DA:30,1
DA:31,1
DA:33,1
DA:68,1
LF:33
LH:33
BRF:0
BRH:0
end_of_record
TN:
SF:src/components/emptyList/Fav_Empty.tsx
FN:12,_interopRequireDefault
FN:17,Fav_Empty
FN:33,onPress
FNF:3
FNH:2
FNDA:15,_interopRequireDefault
FNDA:2,Fav_Empty
FNDA:0,onPress
DA:1,5
DA:2,5
DA:3,5
DA:10,5
DA:11,5
DA:12,15
DA:14,5
DA:15,5
DA:17,5
DA:18,2
DA:19,2
DA:33,0
DA:41,5
DA:77,5
LF:14
LH:13
BRDA:12,0,0,10
BRDA:12,0,1,5
BRDA:12,1,0,15
BRDA:12,1,1,15
BRF:4
BRH:4
end_of_record
TN:
SF:src/components/favourites/FeedRenderItem.tsx
FN:23,_interopRequireDefault
FN:43,renderArticle
FN:72,onPressed
FN:90,FeedRenderItem
FN:129,onPress
FNF:5
FNH:3
FNDA:3,_interopRequireDefault
FNDA:1,renderArticle
FNDA:0,onPressed
FNDA:2,FeedRenderItem
FNDA:0,onPress
DA:1,1
DA:2,1
DA:10,1
DA:11,1
DA:19,1
DA:20,1
DA:22,1
DA:23,3
DA:25,1
DA:26,1
DA:27,1
DA:43,1
DA:44,1
DA:72,0
DA:90,1
DA:97,2
DA:98,1
DA:99,1
DA:100,1
DA:102,1
DA:129,0
DA:165,1
DA:247,1
LF:23
LH:21
BRDA:23,0,0,2
BRDA:23,0,1,1
BRDA:23,1,0,3
BRDA:23,1,1,3
BRDA:66,2,0,1
BRDA:66,2,1,1
BRDA:81,3,0,1
BRDA:81,3,1,0
BRDA:97,4,0,1
BRDA:97,4,1,0
BRDA:99,5,0,1
BRDA:99,5,1,0
BRDA:100,6,0,1
BRDA:100,6,1,1
BRDA:100,7,0,1
BRDA:100,7,1,0
BRDA:100,8,0,1
BRDA:100,8,1,0
BRDA:137,9,0,0
BRDA:137,9,1,1
BRDA:137,10,0,1
BRDA:137,10,1,0
BRDA:150,11,0,0
BRDA:150,11,1,1
BRDA:150,12,0,1
BRDA:150,12,1,0
BRF:26
BRH:17
end_of_record
TN:
SF:src/components/favourites/InstitutionRenderItem.tsx
FN:21,_interopRequireDefault
FN:21,ownKeys
FN:21,(anonymous_2)
FN:21,_objectSpread
FN:21,(anonymous_4)
FN:21,(anonymous_5)
FN:21,_defineProperty
FN:41,InstitutionRenderItem
FN:48,getImageUrl
FN:52,getTitle
FN:56,getDesc
FN:121,onPress
FNF:12
FNH:6
FNDA:3,_interopRequireDefault
FNDA:1,ownKeys
FNDA:0,(anonymous_2)
FNDA:1,_objectSpread
FNDA:0,(anonymous_4)
FNDA:0,(anonymous_5)
FNDA:0,_defineProperty
FNDA:2,InstitutionRenderItem
FNDA:0,getImageUrl
FNDA:1,getTitle
FNDA:1,getDesc
FNDA:0,onPress
DA:1,1
DA:2,1
DA:11,1
DA:12,1
DA:20,1
DA:21,3
DA:23,1
DA:24,1
DA:32,1
DA:41,1
DA:47,2
DA:48,1
DA:49,0
DA:50,0
DA:52,1
DA:53,1
DA:54,1
DA:56,1
DA:57,1
DA:58,1
DA:60,1
DA:121,0
DA:192,1
DA:223,1
LF:24
LH:21
BRDA:21,0,0,2
BRDA:21,0,1,1
BRDA:21,1,0,3
BRDA:21,1,1,3
BRDA:21,2,0,1
BRDA:21,2,1,0
BRDA:21,3,0,1
BRDA:21,3,1,1
BRDA:21,4,0,0
BRDA:21,4,1,1
BRDA:21,5,0,1
BRDA:21,5,1,0
BRDA:21,6,0,0
BRDA:21,6,1,0
BRDA:21,7,0,0
BRDA:21,7,1,0
BRDA:49,8,0,0
BRDA:49,8,1,0
BRDA:53,9,0,0
BRDA:53,9,1,1
BRDA:57,10,0,0
BRDA:57,10,1,1
BRDA:58,11,0,0
BRDA:58,11,1,1
BRDA:134,12,0,0
BRDA:134,12,1,1
BRDA:134,13,0,1
BRDA:134,13,1,1
BRDA:134,13,2,0
BRDA:146,14,0,0
BRDA:146,14,1,1
BRDA:146,15,0,1
BRDA:146,15,1,1
BRDA:146,15,2,0
BRDA:170,16,0,0
BRDA:170,16,1,1
BRDA:176,17,0,0
BRDA:176,17,1,1
BRF:38
BRH:20
end_of_record
TN:
SF:src/components/favourites/LikeLogo.tsx
FN:10,_interopRequireDefault
FN:10,_slicedToArray
FN:10,_nonIterableRest
FN:10,_unsupportedIterableToArray
FN:10,_arrayLikeToArray
FN:10,_iterableToArrayLimit
FN:10,_arrayWithHoles
FN:22,LikeLogo
FN:29,changeLikeStatus
FN:63,callFeedApi
FN:64,(anonymous_10)
FN:71,callInstitutionApi
FN:72,(anonymous_12)
FN:80,callProgramApi
FN:81,(anonymous_14)
FN:90,onPress
FNF:16
FNH:8
FNDA:14,_interopRequireDefault
FNDA:28,_slicedToArray
FNDA:0,_nonIterableRest
FNDA:0,_unsupportedIterableToArray
FNDA:0,_arrayLikeToArray
FNDA:0,_iterableToArrayLimit
FNDA:28,_arrayWithHoles
FNDA:7,LikeLogo
FNDA:1,changeLikeStatus
FNDA:1,callFeedApi
FNDA:1,(anonymous_10)
FNDA:0,callInstitutionApi
FNDA:0,(anonymous_12)
FNDA:0,callProgramApi
FNDA:0,(anonymous_14)
FNDA:1,onPress
DA:1,14
DA:2,14
DA:3,14
DA:4,14
DA:9,14
DA:10,28
DA:22,14
DA:23,7
DA:24,7
DA:25,7
DA:26,7
DA:27,7
DA:29,7
DA:30,1
DA:32,1
DA:36,1
DA:37,1
DA:41,1
DA:42,1
DA:43,0
DA:44,0
DA:48,0
DA:49,0
DA:50,0
DA:51,0
DA:53,0
DA:57,0
DA:59,0
DA:61,1
DA:63,7
DA:64,1
DA:65,1
DA:66,1
DA:67,0
DA:71,7
DA:72,0
DA:73,0
DA:74,0
DA:76,0
DA:80,7
DA:81,0
DA:82,0
DA:83,0
DA:84,0
DA:88,7
DA:90,1
DA:106,14
DA:126,14
LF:48
LH:30
BRDA:10,0,0,0
BRDA:10,0,1,14
BRDA:10,1,0,14
BRDA:10,1,1,14
BRDA:10,2,0,28
BRDA:10,2,1,0
BRDA:10,2,2,0
BRDA:10,2,3,0
BRDA:10,3,0,0
BRDA:10,3,1,0
BRDA:10,4,0,0
BRDA:10,4,1,0
BRDA:10,5,0,0
BRDA:10,5,1,0
BRDA:10,6,0,0
BRDA:10,6,1,0
BRDA:10,7,0,0
BRDA:10,7,1,0
BRDA:10,8,0,0
BRDA:10,8,1,0
BRDA:10,9,0,0
BRDA:10,9,1,0
BRDA:10,10,0,0
BRDA:10,10,1,0
BRDA:10,11,0,0
BRDA:10,11,1,0
BRDA:10,12,0,0
BRDA:10,12,1,0
BRDA:10,13,0,0
BRDA:10,13,1,0
BRDA:10,14,0,0
BRDA:10,14,1,0
BRDA:10,14,2,0
BRDA:10,15,0,0
BRDA:10,15,1,0
BRDA:10,16,0,0
BRDA:10,16,1,0
BRDA:10,17,0,0
BRDA:10,17,1,0
BRDA:10,18,0,0
BRDA:10,18,1,0
BRDA:10,19,0,0
BRDA:10,19,1,0
BRDA:10,20,0,0
BRDA:10,20,1,0
BRDA:10,21,0,28
BRDA:10,21,1,0
BRDA:36,22,0,1
BRDA:36,22,1,0
BRDA:43,23,0,0
BRDA:43,23,1,0
BRDA:50,24,0,0
BRDA:50,24,1,0
BRDA:66,25,0,0
BRDA:66,25,1,1
BRDA:66,26,0,1
BRDA:66,26,1,0
BRDA:74,27,0,0
BRDA:74,27,1,0
BRDA:74,28,0,0
BRDA:74,28,1,0
BRDA:83,29,0,0
BRDA:83,29,1,0
BRDA:83,30,0,0
BRDA:83,30,1,0
BRDA:92,31,0,4
BRDA:92,31,1,3
BRF:67
BRH:10
end_of_record
TN:
SF:src/components/favourites/__test__/InstitutionProps.tsx
FNF:0
FNH:0
DA:1,1
DA:2,1
DA:4,1
DA:9,1
LF:4
LH:4
BRF:0
BRH:0
end_of_record
TN:
SF:src/components/favourites/__test__/props.tsx
FNF:0
FNH:0
DA:1,1
DA:2,1
DA:3,1
DA:4,1
DA:5,1
DA:6,1
DA:7,1
DA:8,1
DA:9,1
DA:10,1
DA:11,1
DA:12,1
DA:13,1
DA:14,1
DA:16,1
DA:33,1
LF:16
LH:16
BRF:0
BRH:0
end_of_record
TN:
SF:src/components/filter/filter.tsx
FN:44,_interopRequireDefault
FN:44,_getRequireWildcardCache
FN:44,_getRequireWildcardCache
FN:44,_interopRequireWildcard
FN:44,_slicedToArray
FN:44,_nonIterableRest
FN:44,_unsupportedIterableToArray
FN:44,_arrayLikeToArray
FN:44,_iterableToArrayLimit
FN:44,_arrayWithHoles
FN:57,Filter
FN:174,(anonymous_11)
FN:175,(anonymous_12)
FN:183,(anonymous_13)
FN:189,(anonymous_14)
FN:195,(anonymous_15)
FN:202,(anonymous_16)
FN:210,(anonymous_17)
FN:217,(anonymous_18)
FN:221,(anonymous_19)
FN:228,(anonymous_20)
FN:234,(anonymous_21)
FN:240,(anonymous_22)
FN:246,(anonymous_23)
FN:257,(anonymous_24)
FN:258,(anonymous_25)
FN:289,(anonymous_26)
FN:290,(anonymous_27)
FN:298,updateStateList
FN:300,(anonymous_29)
FN:306,(anonymous_30)
FN:311,clearFilter
FN:333,renderCancelButton
FN:338,onPress
FN:347,renderShowResultButton
FN:352,callback
FN:355,onPress
FN:367,onHandleApply
FN:398,renderInstitutionPicker
FN:406,(anonymous_39)
FN:418,(anonymous_40)
FN:421,onPress
FN:436,onPress
FN:455,updateButtonValue
FN:671,onBackdropPress
FN:703,onBlur
FN:704,onPressTab
FN:707,callBack
FN:711,onClear
FN:728,onBlur
FN:729,onPressTab
FN:732,callBack
FN:736,onClear
FN:753,onBlur
FN:754,onPressTab
FN:757,callBack
FN:761,onClear
FN:779,onBlur
FN:780,onPressTab
FN:783,callBack
FN:787,onClear
FN:806,onBlur
FN:807,onPressTab
FN:810,callBack
FN:814,onClear
FN:833,onBlur
FN:834,onPressTab
FN:837,callBack
FN:841,onClear
FN:889,onBlur
FN:890,onPressTab
FN:893,callBack
FN:897,onClear
FN:914,onBlur
FN:915,onPressTab
FN:918,callBack
FN:922,onClear
FN:940,onBlur
FN:941,onPressTab
FN:944,callBack
FN:948,onClear
FN:967,onBlur
FN:968,onPressTab
FN:971,callBack
FN:975,onClear
FN:994,onBlur
FN:995,onPressTab
FN:998,callBack
FN:1002,onClear
FN:1020,onSelectedText
FN:1026,hideModel
FNF:91
FNH:24
FNDA:16,_interopRequireDefault
FNDA:4,_getRequireWildcardCache
FNDA:4,_getRequireWildcardCache
FNDA:4,_interopRequireWildcard
FNDA:144,_slicedToArray
FNDA:0,_nonIterableRest
FNDA:0,_unsupportedIterableToArray
FNDA:0,_arrayLikeToArray
FNDA:0,_iterableToArrayLimit
FNDA:144,_arrayWithHoles
FNDA:9,Filter
FNDA:1,(anonymous_11)
FNDA:1,(anonymous_12)
FNDA:1,(anonymous_13)
FNDA:1,(anonymous_14)
FNDA:1,(anonymous_15)
FNDA:0,(anonymous_16)
FNDA:0,(anonymous_17)
FNDA:1,(anonymous_18)
FNDA:0,(anonymous_19)
FNDA:1,(anonymous_20)
FNDA:1,(anonymous_21)
FNDA:1,(anonymous_22)
FNDA:1,(anonymous_23)
FNDA:1,(anonymous_24)
FNDA:0,(anonymous_25)
FNDA:1,(anonymous_26)
FNDA:1,(anonymous_27)
FNDA:1,updateStateList
FNDA:1,(anonymous_29)
FNDA:0,(anonymous_30)
FNDA:0,clearFilter
FNDA:2,renderCancelButton
FNDA:0,onPress
FNDA:2,renderShowResultButton
FNDA:0,callback
FNDA:0,onPress
FNDA:0,onHandleApply
FNDA:0,renderInstitutionPicker
FNDA:0,(anonymous_39)
FNDA:0,(anonymous_40)
FNDA:0,onPress
FNDA:0,onPress
FNDA:0,updateButtonValue
FNDA:0,onBackdropPress
FNDA:0,onBlur
FNDA:0,onPressTab
FNDA:0,callBack
FNDA:0,onClear
FNDA:0,onBlur
FNDA:0,onPressTab
FNDA:0,callBack
FNDA:0,onClear
FNDA:0,onBlur
FNDA:0,onPressTab
FNDA:0,callBack
FNDA:0,onClear
FNDA:0,onBlur
FNDA:0,onPressTab
FNDA:0,callBack
FNDA:0,onClear
FNDA:0,onBlur
FNDA:0,onPressTab
FNDA:0,callBack
FNDA:0,onClear
FNDA:0,onBlur
FNDA:0,onPressTab
FNDA:0,callBack
FNDA:0,onClear
FNDA:0,onBlur
FNDA:0,onPressTab
FNDA:0,callBack
FNDA:0,onClear
FNDA:0,onBlur
FNDA:0,onPressTab
FNDA:0,callBack
FNDA:0,onClear
FNDA:0,onBlur
FNDA:0,onPressTab
FNDA:0,callBack
FNDA:0,onClear
FNDA:0,onBlur
FNDA:0,onPressTab
FNDA:0,callBack
FNDA:0,onClear
FNDA:0,onBlur
FNDA:0,onPressTab
FNDA:0,callBack
FNDA:0,onClear
FNDA:0,onSelectedText
FNDA:0,hideModel
DA:1,4
DA:2,4
DA:12,4
DA:13,4
DA:21,4
DA:24,4
DA:25,4
DA:40,4
DA:42,4
DA:43,4
DA:44,144
DA:46,4
DA:47,4
DA:57,4
DA:65,9
DA:66,6
DA:68,2
DA:71,2
DA:72,2
DA:73,2
DA:74,2
DA:75,2
DA:76,2
DA:77,2
DA:78,2
DA:79,2
DA:80,2
DA:81,2
DA:82,2
DA:83,2
DA:85,2
DA:86,2
DA:88,2
DA:90,2
DA:91,2
DA:93,2
DA:94,2
DA:95,2
DA:97,2
DA:99,2
DA:100,2
DA:101,2
DA:103,2
DA:105,2
DA:106,2
DA:107,2
DA:108,2
DA:109,2
DA:110,2
DA:111,2
DA:112,2
DA:113,2
DA:114,2
DA:116,2
DA:118,2
DA:119,2
DA:120,2
DA:121,2
DA:122,2
DA:123,2
DA:124,2
DA:125,2
DA:126,2
DA:127,2
DA:128,2
DA:131,2
DA:134,2
DA:135,2
DA:136,2
DA:139,2
DA:140,2
DA:141,2
DA:144,2
DA:145,2
DA:146,2
DA:149,2
DA:150,2
DA:151,2
DA:154,2
DA:155,2
DA:156,2
DA:159,2
DA:160,2
DA:161,2
DA:164,2
DA:165,2
DA:166,2
DA:169,2
DA:170,2
DA:171,2
DA:174,2
DA:175,1
DA:176,1
DA:177,1
DA:179,0
DA:183,1
DA:184,1
DA:185,1
DA:186,0
DA:189,1
DA:190,1
DA:191,1
DA:192,0
DA:195,1
DA:196,1
DA:197,1
DA:198,0
DA:201,1
DA:202,0
DA:203,0
DA:204,0
DA:205,0
DA:209,1
DA:210,0
DA:211,0
DA:212,0
DA:213,0
DA:217,1
DA:218,1
DA:219,1
DA:220,0
DA:221,0
DA:222,0
DA:223,0
DA:225,0
DA:228,1
DA:229,1
DA:230,1
DA:231,0
DA:234,1
DA:235,1
DA:236,1
DA:237,0
DA:240,1
DA:241,1
DA:242,1
DA:243,0
DA:246,1
DA:247,1
DA:248,1
DA:249,0
DA:252,1
DA:257,2
DA:258,1
DA:259,0
DA:260,0
DA:261,0
DA:262,0
DA:263,0
DA:264,0
DA:265,0
DA:266,0
DA:267,0
DA:268,0
DA:269,0
DA:270,0
DA:271,0
DA:272,0
DA:273,0
DA:274,0
DA:275,0
DA:276,0
DA:277,0
DA:278,0
DA:279,0
DA:280,0
DA:281,0
DA:282,0
DA:283,0
DA:284,0
DA:289,2
DA:290,1
DA:291,1
DA:292,1
DA:293,0
DA:298,2
DA:299,1
DA:301,1
DA:302,1
DA:303,0
DA:307,0
DA:311,2
DA:312,0
DA:313,0
DA:314,0
DA:315,0
DA:316,0
DA:317,0
DA:318,0
DA:319,0
DA:320,0
DA:321,0
DA:322,0
DA:323,0
DA:324,0
DA:325,0
DA:326,0
DA:327,0
DA:328,0
DA:329,0
DA:330,0
DA:333,2
DA:334,2
DA:338,0
DA:347,2
DA:348,2
DA:352,0
DA:355,0
DA:367,2
DA:368,0
DA:395,0
DA:398,2
DA:399,0
DA:400,0
DA:401,0
DA:406,0
DA:407,0
DA:408,0
DA:411,0
DA:419,0
DA:422,0
DA:423,0
DA:437,0
DA:451,0
DA:455,2
DA:456,0
DA:457,0
DA:458,0
DA:459,0
DA:460,0
DA:461,0
DA:462,0
DA:463,0
DA:464,0
DA:465,0
DA:466,0
DA:467,0
DA:468,0
DA:469,0
DA:470,0
DA:472,0
DA:473,0
DA:474,0
DA:475,0
DA:476,0
DA:477,0
DA:478,0
DA:479,0
DA:480,0
DA:481,0
DA:482,0
DA:483,0
DA:484,0
DA:490,0
DA:492,0
DA:493,0
DA:494,0
DA:495,0
DA:496,0
DA:497,0
DA:498,0
DA:499,0
DA:500,0
DA:501,0
DA:502,0
DA:503,0
DA:504,0
DA:505,0
DA:506,0
DA:507,0
DA:508,0
DA:509,0
DA:510,0
DA:511,0
DA:512,0
DA:513,0
DA:514,0
DA:515,0
DA:516,0
DA:517,0
DA:518,0
DA:519,0
DA:521,0
DA:522,0
DA:523,0
DA:524,0
DA:525,0
DA:526,0
DA:527,0
DA:528,0
DA:529,0
DA:530,0
DA:531,0
DA:532,0
DA:533,0
DA:534,0
DA:535,0
DA:536,0
DA:537,0
DA:538,0
DA:539,0
DA:540,0
DA:541,0
DA:542,0
DA:543,0
DA:544,0
DA:545,0
DA:546,0
DA:547,0
DA:548,0
DA:549,0
DA:550,0
DA:551,0
DA:552,0
DA:553,0
DA:554,0
DA:555,0
DA:556,0
DA:557,0
DA:558,0
DA:559,0
DA:560,0
DA:561,0
DA:562,0
DA:563,0
DA:564,0
DA:565,0
DA:566,0
DA:567,0
DA:568,0
DA:569,0
DA:570,0
DA:571,0
DA:572,0
DA:573,0
DA:574,0
DA:575,0
DA:576,0
DA:577,0
DA:578,0
DA:579,0
DA:580,0
DA:581,0
DA:582,0
DA:583,0
DA:584,0
DA:585,0
DA:586,0
DA:587,0
DA:588,0
DA:589,0
DA:590,0
DA:591,0
DA:592,0
DA:593,0
DA:594,0
DA:595,0
DA:596,0
DA:597,0
DA:598,0
DA:599,0
DA:600,0
DA:601,0
DA:602,0
DA:603,0
DA:604,0
DA:606,0
DA:607,0
DA:608,0
DA:609,0
DA:610,0
DA:611,0
DA:612,0
DA:613,0
DA:614,0
DA:615,0
DA:616,0
DA:617,0
DA:618,0
DA:619,0
DA:620,0
DA:621,0
DA:622,0
DA:623,0
DA:624,0
DA:625,0
DA:626,0
DA:627,0
DA:628,0
DA:629,0
DA:630,0
DA:631,0
DA:632,0
DA:633,0
DA:634,0
DA:635,0
DA:636,0
DA:637,0
DA:638,0
DA:639,0
DA:640,0
DA:641,0
DA:642,0
DA:643,0
DA:644,0
DA:645,0
DA:646,0
DA:647,0
DA:649,0
DA:650,0
DA:651,0
DA:652,0
DA:653,0
DA:654,0
DA:655,0
DA:656,0
DA:657,0
DA:658,0
DA:659,0
DA:660,0
DA:661,0
DA:665,2
DA:671,0
DA:703,0
DA:705,0
DA:708,0
DA:709,0
DA:712,0
DA:728,0
DA:730,0
DA:733,0
DA:734,0
DA:737,0
DA:753,0
DA:755,0
DA:758,0
DA:759,0
DA:762,0
DA:779,0
DA:781,0
DA:784,0
DA:785,0
DA:788,0
DA:806,0
DA:808,0
DA:811,0
DA:812,0
DA:815,0
DA:833,0
DA:835,0
DA:838,0
DA:839,0
DA:842,0
DA:889,0
DA:891,0
DA:894,0
DA:895,0
DA:898,0
DA:914,0
DA:916,0
DA:919,0
DA:920,0
DA:923,0
DA:940,0
DA:942,0
DA:945,0
DA:946,0
DA:949,0
DA:967,0
DA:969,0
DA:972,0
DA:973,0
DA:976,0
DA:994,0
DA:996,0
DA:999,0
DA:1000,0
DA:1003,0
DA:1021,0
DA:1022,0
DA:1023,0
DA:1026,0
DA:1034,4
DA:1180,4
LF:484
LH:142
BRDA:44,0,0,16
BRDA:44,0,1,0
BRDA:44,1,0,16
BRDA:44,1,1,16
BRDA:44,2,0,0
BRDA:44,2,1,4
BRDA:44,3,0,0
BRDA:44,3,1,4
BRDA:44,4,0,0
BRDA:44,4,1,4
BRDA:44,5,0,4
BRDA:44,5,1,4
BRDA:44,5,2,4
BRDA:44,6,0,0
BRDA:44,6,1,4
BRDA:44,7,0,4
BRDA:44,7,1,4
BRDA:44,7,2,0
BRDA:44,8,0,0
BRDA:44,8,1,4
BRDA:44,9,0,4
BRDA:44,9,1,4
BRDA:44,10,0,4
BRDA:44,10,1,4
BRDA:44,11,0,112
BRDA:44,11,1,0
BRDA:44,12,0,112
BRDA:44,12,1,112
BRDA:44,13,0,112
BRDA:44,13,1,0
BRDA:44,14,0,0
BRDA:44,14,1,112
BRDA:44,15,0,112
BRDA:44,15,1,112
BRDA:44,15,2,112
BRDA:44,16,0,4
BRDA:44,16,1,0
BRDA:44,17,0,144
BRDA:44,17,1,0
BRDA:44,17,2,0
BRDA:44,17,3,0
BRDA:44,18,0,0
BRDA:44,18,1,0
BRDA:44,19,0,0
BRDA:44,19,1,0
BRDA:44,20,0,0
BRDA:44,20,1,0
BRDA:44,21,0,0
BRDA:44,21,1,0
BRDA:44,22,0,0
BRDA:44,22,1,0
BRDA:44,23,0,0
BRDA:44,23,1,0
BRDA:44,24,0,0
BRDA:44,24,1,0
BRDA:44,25,0,0
BRDA:44,25,1,0
BRDA:44,26,0,0
BRDA:44,26,1,0
BRDA:44,27,0,0
BRDA:44,27,1,0
BRDA:44,28,0,0
BRDA:44,28,1,0
BRDA:44,29,0,0
BRDA:44,29,1,0
BRDA:44,29,2,0
BRDA:44,30,0,0
BRDA:44,30,1,0
BRDA:44,31,0,0
BRDA:44,31,1,0
BRDA:44,32,0,0
BRDA:44,32,1,0
BRDA:44,33,0,0
BRDA:44,33,1,0
BRDA:44,34,0,0
BRDA:44,34,1,0
BRDA:44,35,0,0
BRDA:44,35,1,0
BRDA:44,36,0,144
BRDA:44,36,1,0
BRDA:177,37,0,0
BRDA:177,37,1,1
BRDA:177,38,0,1
BRDA:177,38,1,0
BRDA:185,39,0,0
BRDA:185,39,1,1
BRDA:185,40,0,1
BRDA:185,40,1,0
BRDA:191,41,0,0
BRDA:191,41,1,1
BRDA:191,42,0,1
BRDA:191,42,1,0
BRDA:197,43,0,0
BRDA:197,43,1,1
BRDA:197,44,0,1
BRDA:197,44,1,0
BRDA:201,45,0,0
BRDA:201,45,1,1
BRDA:204,46,0,0
BRDA:204,46,1,0
BRDA:204,47,0,0
BRDA:204,47,1,0
BRDA:209,48,0,0
BRDA:209,48,1,1
BRDA:212,49,0,0
BRDA:212,49,1,0
BRDA:212,50,0,0
BRDA:212,50,1,0
BRDA:219,51,0,0
BRDA:219,51,1,1
BRDA:219,52,0,1
BRDA:219,52,1,0
BRDA:222,53,0,0
BRDA:222,53,1,0
BRDA:230,54,0,0
BRDA:230,54,1,1
BRDA:230,55,0,1
BRDA:230,55,1,0
BRDA:236,56,0,0
BRDA:236,56,1,1
BRDA:236,57,0,1
BRDA:236,57,1,0
BRDA:242,58,0,0
BRDA:242,58,1,1
BRDA:242,59,0,1
BRDA:242,59,1,0
BRDA:248,60,0,0
BRDA:248,60,1,1
BRDA:248,61,0,1
BRDA:248,61,1,0
BRDA:258,62,0,1
BRDA:258,62,1,1
BRDA:259,63,0,0
BRDA:259,63,1,0
BRDA:261,64,0,0
BRDA:261,64,1,0
BRDA:263,65,0,0
BRDA:263,65,1,0
BRDA:265,66,0,0
BRDA:265,66,1,0
BRDA:267,67,0,0
BRDA:267,67,1,0
BRDA:269,68,0,0
BRDA:269,68,1,0
BRDA:271,69,0,0
BRDA:271,69,1,0
BRDA:273,70,0,0
BRDA:273,70,1,0
BRDA:275,71,0,0
BRDA:275,71,1,0
BRDA:277,72,0,0
BRDA:277,72,1,0
BRDA:279,73,0,0
BRDA:279,73,1,0
BRDA:281,74,0,0
BRDA:281,74,1,0
BRDA:283,75,0,0
BRDA:283,75,1,0
BRDA:292,76,0,0
BRDA:292,76,1,1
BRDA:292,77,0,1
BRDA:292,77,1,0
BRDA:302,78,0,0
BRDA:302,78,1,1
BRDA:302,79,0,1
BRDA:302,79,1,0
BRDA:369,80,0,0
BRDA:369,80,1,0
BRDA:370,81,0,0
BRDA:370,81,1,0
BRDA:371,82,0,0
BRDA:371,82,1,0
BRDA:372,83,0,0
BRDA:372,83,1,0
BRDA:373,84,0,0
BRDA:373,84,1,0
BRDA:374,85,0,0
BRDA:374,85,1,0
BRDA:375,86,0,0
BRDA:375,86,1,0
BRDA:376,87,0,0
BRDA:376,87,1,0
BRDA:377,88,0,0
BRDA:377,88,1,0
BRDA:378,89,0,0
BRDA:378,89,1,0
BRDA:379,90,0,0
BRDA:379,90,1,0
BRDA:379,91,0,0
BRDA:379,91,1,0
BRDA:384,92,0,0
BRDA:384,92,1,0
BRDA:389,93,0,0
BRDA:389,93,1,0
BRDA:390,94,0,0
BRDA:390,94,1,0
BRDA:391,95,0,0
BRDA:391,95,1,0
BRDA:392,96,0,0
BRDA:392,96,1,0
BRDA:393,97,0,0
BRDA:393,97,1,0
BRDA:399,98,0,0
BRDA:399,98,1,0
BRDA:401,99,0,0
BRDA:401,99,1,0
BRDA:402,100,0,0
BRDA:402,100,1,0
BRDA:402,100,2,0
BRDA:408,101,0,0
BRDA:408,101,1,0
BRDA:411,102,0,0
BRDA:411,102,1,0
BRDA:411,103,0,0
BRDA:411,103,1,0
BRDA:411,103,2,0
BRDA:413,104,0,0
BRDA:413,104,1,0
BRDA:422,105,0,0
BRDA:422,105,1,0
BRDA:426,106,0,0
BRDA:426,106,1,0
BRDA:456,107,0,0
BRDA:456,107,1,0
BRDA:472,108,0,0
BRDA:472,108,1,0
BRDA:492,109,0,0
BRDA:492,109,1,0
BRDA:506,110,0,0
BRDA:506,110,1,0
BRDA:521,111,0,0
BRDA:521,111,1,0
BRDA:535,112,0,0
BRDA:535,112,1,0
BRDA:549,113,0,0
BRDA:549,113,1,0
BRDA:563,114,0,0
BRDA:563,114,1,0
BRDA:577,115,0,0
BRDA:577,115,1,0
BRDA:591,116,0,0
BRDA:591,116,1,0
BRDA:606,117,0,0
BRDA:606,117,1,0
BRDA:620,118,0,0
BRDA:620,118,1,0
BRDA:634,119,0,0
BRDA:634,119,1,0
BRDA:698,120,0,0
BRDA:698,120,1,2
BRDA:723,121,0,0
BRDA:723,121,1,2
BRDA:748,122,0,0
BRDA:748,122,1,2
BRDA:751,123,0,0
BRDA:751,123,1,2
BRDA:767,124,0,2
BRDA:767,124,1,0
BRDA:774,125,0,0
BRDA:774,125,1,0
BRDA:794,126,0,2
BRDA:794,126,1,0
BRDA:801,127,0,0
BRDA:801,127,1,0
BRDA:821,128,0,2
BRDA:821,128,1,0
BRDA:828,129,0,0
BRDA:828,129,1,0
BRDA:849,130,0,2
BRDA:849,130,1,0
BRDA:883,131,0,0
BRDA:883,131,1,2
BRDA:909,132,0,0
BRDA:909,132,1,2
BRDA:928,133,0,2
BRDA:928,133,1,2
BRDA:935,134,0,0
BRDA:935,134,1,2
BRDA:955,135,0,2
BRDA:955,135,1,0
BRDA:962,136,0,0
BRDA:962,136,1,0
BRDA:982,137,0,2
BRDA:982,137,1,0
BRDA:989,138,0,0
BRDA:989,138,1,0
BRDA:1021,139,0,0
BRDA:1021,139,1,0
BRDA:1054,140,0,0
BRDA:1054,140,1,4
BRF:290
BRH:70
end_of_record
TN:
SF:src/components/filter/__test__/Props.ts
FNF:0
FNH:0
DA:1,1
DA:3,1
DA:4,1
DA:5,1
DA:6,1
DA:7,1
DA:8,1
DA:9,1
DA:11,1
DA:20,1
LF:10
LH:10
BRF:0
BRH:0
end_of_record
TN:
SF:src/components/form/CheckBox.tsx
FN:4,_interopRequireDefault
FN:4,_getRequireWildcardCache
FN:4,_getRequireWildcardCache
FN:4,_interopRequireWildcard
FN:4,_slicedToArray
FN:4,_nonIterableRest
FN:4,_unsupportedIterableToArray
FN:4,_arrayLikeToArray
FN:4,_iterableToArrayLimit
FN:4,_arrayWithHoles
FN:11,CheckBox
FN:15,(anonymous_11)
FN:24,onPress
FN:38,onPress
FNF:14
FNH:10
FNDA:8,_interopRequireDefault
FNDA:8,_getRequireWildcardCache
FNDA:8,_getRequireWildcardCache
FNDA:8,_interopRequireWildcard
FNDA:15,_slicedToArray
FNDA:0,_nonIterableRest
FNDA:0,_unsupportedIterableToArray
FNDA:0,_arrayLikeToArray
FNDA:0,_iterableToArrayLimit
FNDA:15,_arrayWithHoles
FNDA:15,CheckBox
FNDA:9,(anonymous_11)
FNDA:1,onPress
FNDA:1,onPress
DA:1,8
DA:2,8
DA:3,8
DA:4,224
DA:11,15
DA:13,15
DA:15,15
DA:16,9
DA:19,15
DA:25,1
DA:26,1
DA:39,1
DA:40,1
DA:51,8
DA:57,8
LF:15
LH:15
BRDA:4,0,0,8
BRDA:4,0,1,0
BRDA:4,1,0,8
BRDA:4,1,1,8
BRDA:4,2,0,0
BRDA:4,2,1,8
BRDA:4,3,0,0
BRDA:4,3,1,8
BRDA:4,4,0,0
BRDA:4,4,1,8
BRDA:4,5,0,8
BRDA:4,5,1,8
BRDA:4,5,2,8
BRDA:4,6,0,0
BRDA:4,6,1,8
BRDA:4,7,0,8
BRDA:4,7,1,8
BRDA:4,7,2,0
BRDA:4,8,0,0
BRDA:4,8,1,8
BRDA:4,9,0,8
BRDA:4,9,1,8
BRDA:4,10,0,8
BRDA:4,10,1,8
BRDA:4,11,0,224
BRDA:4,11,1,0
BRDA:4,12,0,224
BRDA:4,12,1,224
BRDA:4,13,0,224
BRDA:4,13,1,0
BRDA:4,14,0,0
BRDA:4,14,1,224
BRDA:4,15,0,224
BRDA:4,15,1,224
BRDA:4,15,2,224
BRDA:4,16,0,8
BRDA:4,16,1,0
BRDA:4,17,0,15
BRDA:4,17,1,0
BRDA:4,17,2,0
BRDA:4,17,3,0
BRDA:4,18,0,0
BRDA:4,18,1,0
BRDA:4,19,0,0
BRDA:4,19,1,0
BRDA:4,20,0,0
BRDA:4,20,1,0
BRDA:4,21,0,0
BRDA:4,21,1,0
BRDA:4,22,0,0
BRDA:4,22,1,0
BRDA:4,23,0,0
BRDA:4,23,1,0
BRDA:4,24,0,0
BRDA:4,24,1,0
BRDA:4,25,0,0
BRDA:4,25,1,0
BRDA:4,26,0,0
BRDA:4,26,1,0
BRDA:4,27,0,0
BRDA:4,27,1,0
BRDA:4,28,0,0
BRDA:4,28,1,0
BRDA:4,29,0,0
BRDA:4,29,1,0
BRDA:4,29,2,0
BRDA:4,30,0,0
BRDA:4,30,1,0
BRDA:4,31,0,0
BRDA:4,31,1,0
BRDA:4,32,0,0
BRDA:4,32,1,0
BRDA:4,33,0,0
BRDA:4,33,1,0
BRDA:4,34,0,0
BRDA:4,34,1,0
BRDA:4,35,0,0
BRDA:4,35,1,0
BRDA:4,36,0,15
BRDA:4,36,1,0
BRDA:21,37,0,15
BRDA:21,37,1,3
BRDA:35,38,0,15
BRDA:35,38,1,12
BRF:84
BRH:32
end_of_record
TN:
SF:src/components/form/__test__/Props.ts
FNF:0
FNH:0
DA:1,1
DA:3,1
DA:4,1
DA:6,1
DA:10,1
LF:5
LH:5
BRF:0
BRH:0
end_of_record
TN:
SF:src/components/hamburgerMenu/HamburgerMenuModel.tsx
FN:22,_interopRequireDefault
FN:22,_getRequireWildcardCache
FN:22,_getRequireWildcardCache
FN:22,_interopRequireWildcard
FN:52,HamburgerMenuModel
FN:60,optionSelected
FN:86,logout
FN:86,logout$
FN:91,rowRenderItem
FN:97,onPress
FN:120,onClose
FN:134,renderItem
FNF:12
FNH:6
FNDA:4,_interopRequireDefault
FNDA:2,_getRequireWildcardCache
FNDA:2,_getRequireWildcardCache
FNDA:2,_interopRequireWildcard
FNDA:1,HamburgerMenuModel
FNDA:0,optionSelected
FNDA:0,logout
FNDA:0,logout$
FNDA:0,rowRenderItem
FNDA:0,onPress
FNDA:1,onClose
FNDA:0,renderItem
DA:1,2
DA:2,2
DA:3,2
DA:11,2
DA:12,2
DA:14,2
DA:21,2
DA:22,56
DA:24,2
DA:25,2
DA:27,2
DA:34,2
DA:43,2
DA:52,2
DA:57,1
DA:58,1
DA:60,1
DA:61,0
DA:63,0
DA:64,0
DA:65,0
DA:68,0
DA:69,0
DA:70,0
DA:73,0
DA:74,0
DA:75,0
DA:78,0
DA:79,0
DA:85,1
DA:86,1
DA:88,0
DA:91,1
DA:92,0
DA:98,0
DA:107,1
DA:108,1
DA:120,1
DA:134,0
DA:142,0
DA:146,2
DA:190,2
LF:42
LH:25
BRDA:22,0,0,4
BRDA:22,0,1,0
BRDA:22,1,0,4
BRDA:22,1,1,4
BRDA:22,2,0,0
BRDA:22,2,1,2
BRDA:22,3,0,0
BRDA:22,3,1,2
BRDA:22,4,0,0
BRDA:22,4,1,2
BRDA:22,5,0,2
BRDA:22,5,1,2
BRDA:22,5,2,2
BRDA:22,6,0,0
BRDA:22,6,1,2
BRDA:22,7,0,2
BRDA:22,7,1,2
BRDA:22,7,2,0
BRDA:22,8,0,0
BRDA:22,8,1,2
BRDA:22,9,0,2
BRDA:22,9,1,2
BRDA:22,10,0,2
BRDA:22,10,1,2
BRDA:22,11,0,56
BRDA:22,11,1,0
BRDA:22,12,0,56
BRDA:22,12,1,56
BRDA:22,13,0,56
BRDA:22,13,1,0
BRDA:22,14,0,0
BRDA:22,14,1,56
BRDA:22,15,0,56
BRDA:22,15,1,56
BRDA:22,15,2,56
BRDA:22,16,0,2
BRDA:22,16,1,0
BRDA:61,17,0,0
BRDA:61,17,1,0
BRDA:61,17,2,0
BRDA:61,17,3,0
BRDA:61,17,4,0
BRDA:86,18,0,0
BRDA:86,18,1,0
BRDA:86,18,2,0
BRDA:86,18,3,0
BRDA:107,19,0,1
BRDA:107,19,1,0
BRF:48
BRH:27
end_of_record
TN:
SF:src/components/header/DashboardHeader.tsx
FN:31,_interopRequireDefault
FN:31,_getRequireWildcardCache
FN:31,_getRequireWildcardCache
FN:31,_interopRequireWildcard
FN:31,ownKeys
FN:31,(anonymous_5)
FN:31,_objectSpread
FN:31,(anonymous_7)
FN:31,(anonymous_8)
FN:31,_defineProperty
FN:31,_slicedToArray
FN:31,_nonIterableRest
FN:31,_unsupportedIterableToArray
FN:31,_arrayLikeToArray
FN:31,_iterableToArrayLimit
FN:31,_arrayWithHoles
FN:46,DashboardHeader
FN:59,comingSoonAlert
FN:63,styleSheet
FN:149,(anonymous_19)
FN:153,(anonymous_20)
FN:157,getDatas
FN:157,getDatas$
FN:161,optionSelected
FN:207,(anonymous_24)
FN:220,removeProfile
FN:220,removeProfile$
FN:224,rowRenderItem
FN:229,onPress
FN:235,onPress
FN:334,onPress
FN:346,onBackdropPress
FN:376,renderItem
FN:388,onConfirmPressed
FN:391,onCancelPressed
FNF:35
FNH:17
FNDA:9,_interopRequireDefault
FNDA:3,_getRequireWildcardCache
FNDA:3,_getRequireWildcardCache
FNDA:3,_interopRequireWildcard
FNDA:13,ownKeys
FNDA:0,(anonymous_5)
FNDA:13,_objectSpread
FNDA:0,(anonymous_7)
FNDA:0,(anonymous_8)
FNDA:0,_defineProperty
FNDA:52,_slicedToArray
FNDA:0,_nonIterableRest
FNDA:0,_unsupportedIterableToArray
FNDA:0,_arrayLikeToArray
FNDA:0,_iterableToArrayLimit
FNDA:52,_arrayWithHoles
FNDA:14,DashboardHeader
FNDA:0,comingSoonAlert
FNDA:13,styleSheet
FNDA:4,(anonymous_19)
FNDA:4,(anonymous_20)
FNDA:8,getDatas
FNDA:16,getDatas$
FNDA:0,optionSelected
FNDA:0,(anonymous_24)
FNDA:0,removeProfile
FNDA:0,removeProfile$
FNDA:9,rowRenderItem
FNDA:0,onPress
FNDA:0,onPress
FNDA:1,onPress
FNDA:0,onBackdropPress
FNDA:9,renderItem
FNDA:0,onConfirmPressed
FNDA:0,onCancelPressed
DA:1,3
DA:2,3
DA:14,3
DA:22,3
DA:23,3
DA:25,3
DA:26,3
DA:27,3
DA:28,3
DA:30,3
DA:31,84
DA:32,3
DA:45,3
DA:46,3
DA:51,14
DA:52,13
DA:53,13
DA:54,13
DA:55,13
DA:57,13
DA:58,13
DA:59,13
DA:60,0
DA:63,13
DA:147,13
DA:149,13
DA:150,4
DA:153,13
DA:154,4
DA:157,16
DA:158,8
DA:159,8
DA:161,13
DA:162,0
DA:164,0
DA:165,0
DA:166,0
DA:169,0
DA:170,0
DA:171,0
DA:174,0
DA:175,0
DA:176,0
DA:179,0
DA:180,0
DA:181,0
DA:184,0
DA:185,0
DA:186,0
DA:189,0
DA:190,0
DA:191,0
DA:194,0
DA:195,0
DA:196,0
DA:199,0
DA:200,0
DA:201,0
DA:204,0
DA:205,0
DA:206,0
DA:207,0
DA:208,0
DA:213,0
DA:220,13
DA:221,0
DA:224,13
DA:225,9
DA:230,0
DA:236,0
DA:251,13
DA:262,13
DA:274,13
DA:334,1
DA:346,0
DA:376,9
DA:389,0
DA:401,3
LF:78
LH:41
BRDA:31,0,0,9
BRDA:31,0,1,0
BRDA:31,1,0,9
BRDA:31,1,1,9
BRDA:31,2,0,0
BRDA:31,2,1,3
BRDA:31,3,0,0
BRDA:31,3,1,3
BRDA:31,4,0,0
BRDA:31,4,1,3
BRDA:31,5,0,3
BRDA:31,5,1,3
BRDA:31,5,2,3
BRDA:31,6,0,0
BRDA:31,6,1,3
BRDA:31,7,0,3
BRDA:31,7,1,3
BRDA:31,7,2,0
BRDA:31,8,0,0
BRDA:31,8,1,3
BRDA:31,9,0,3
BRDA:31,9,1,3
BRDA:31,10,0,3
BRDA:31,10,1,3
BRDA:31,11,0,84
BRDA:31,11,1,0
BRDA:31,12,0,84
BRDA:31,12,1,84
BRDA:31,13,0,84
BRDA:31,13,1,0
BRDA:31,14,0,0
BRDA:31,14,1,84
BRDA:31,15,0,84
BRDA:31,15,1,84
BRDA:31,15,2,84
BRDA:31,16,0,3
BRDA:31,16,1,0
BRDA:31,17,0,13
BRDA:31,17,1,0
BRDA:31,18,0,13
BRDA:31,18,1,13
BRDA:31,19,0,0
BRDA:31,19,1,13
BRDA:31,20,0,13
BRDA:31,20,1,0
BRDA:31,21,0,0
BRDA:31,21,1,0
BRDA:31,22,0,0
BRDA:31,22,1,0
BRDA:31,23,0,52
BRDA:31,23,1,0
BRDA:31,23,2,0
BRDA:31,23,3,0
BRDA:31,24,0,0
BRDA:31,24,1,0
BRDA:31,25,0,0
BRDA:31,25,1,0
BRDA:31,26,0,0
BRDA:31,26,1,0
BRDA:31,27,0,0
BRDA:31,27,1,0
BRDA:31,28,0,0
BRDA:31,28,1,0
BRDA:31,29,0,0
BRDA:31,29,1,0
BRDA:31,30,0,0
BRDA:31,30,1,0
BRDA:31,31,0,0
BRDA:31,31,1,0
BRDA:31,32,0,0
BRDA:31,32,1,0
BRDA:31,33,0,0
BRDA:31,33,1,0
BRDA:31,34,0,0
BRDA:31,34,1,0
BRDA:31,35,0,0
BRDA:31,35,1,0
BRDA:31,35,2,0
BRDA:31,36,0,0
BRDA:31,36,1,0
BRDA:31,37,0,0
BRDA:31,37,1,0
BRDA:31,38,0,0
BRDA:31,38,1,0
BRDA:31,39,0,0
BRDA:31,39,1,0
BRDA:31,40,0,0
BRDA:31,40,1,0
BRDA:31,41,0,0
BRDA:31,41,1,0
BRDA:31,42,0,52
BRDA:31,42,1,0
BRDA:157,43,0,8
BRDA:157,43,1,8
BRDA:157,43,2,8
BRDA:157,43,3,8
BRDA:162,44,0,0
BRDA:162,44,1,0
BRDA:162,44,2,0
BRDA:162,44,3,0
BRDA:162,44,4,0
BRDA:162,44,5,0
BRDA:162,44,6,0
BRDA:162,44,7,0
BRDA:162,44,8,0
BRDA:162,44,9,0
BRDA:220,45,0,0
BRDA:220,45,1,0
BRDA:220,45,2,0
BRDA:241,46,0,1
BRDA:241,46,1,8
BRDA:280,47,0,13
BRDA:280,47,1,13
BRDA:293,48,0,0
BRDA:293,48,1,13
BRDA:293,49,0,13
BRDA:293,49,1,4
BRF:117
BRH:44
end_of_record
TN:
SF:src/components/header/Header.tsx
FN:28,_interopRequireDefault
FN:28,_getRequireWildcardCache
FN:28,_getRequireWildcardCache
FN:28,_interopRequireWildcard
FN:28,ownKeys
FN:28,(anonymous_5)
FN:28,_objectSpread
FN:28,(anonymous_7)
FN:28,(anonymous_8)
FN:28,_defineProperty
FN:28,_slicedToArray
FN:28,_nonIterableRest
FN:28,_unsupportedIterableToArray
FN:28,_arrayLikeToArray
FN:28,_iterableToArrayLimit
FN:28,_arrayWithHoles
FN:48,Header
FN:66,styleSheet
FN:172,optionSelected
FN:221,(anonymous_19)
FN:233,rowRenderItem
FN:238,onPress
FN:244,onPress
FN:361,onPress
FN:373,onBackdropPress
FN:405,renderItem
FN:417,onConfirmPressed
FN:420,onCancelPressed
FNF:28
FNH:13
FNDA:87,_interopRequireDefault
FNDA:29,_getRequireWildcardCache
FNDA:29,_getRequireWildcardCache
FNDA:29,_interopRequireWildcard
FNDA:90,ownKeys
FNDA:0,(anonymous_5)
FNDA:90,_objectSpread
FNDA:0,(anonymous_7)
FNDA:0,(anonymous_8)
FNDA:0,_defineProperty
FNDA:270,_slicedToArray
FNDA:0,_nonIterableRest
FNDA:0,_unsupportedIterableToArray
FNDA:0,_arrayLikeToArray
FNDA:0,_iterableToArrayLimit
FNDA:270,_arrayWithHoles
FNDA:91,Header
FNDA:90,styleSheet
FNDA:0,optionSelected
FNDA:0,(anonymous_19)
FNDA:45,rowRenderItem
FNDA:0,onPress
FNDA:0,onPress
FNDA:1,onPress
FNDA:0,onBackdropPress
FNDA:45,renderItem
FNDA:0,onConfirmPressed
FNDA:0,onCancelPressed
DA:1,29
DA:2,29
DA:14,29
DA:22,29
DA:24,29
DA:25,29
DA:26,29
DA:27,29
DA:28,812
DA:30,29
DA:47,29
DA:48,29
DA:60,91
DA:61,90
DA:62,90
DA:63,90
DA:64,90
DA:65,90
DA:66,90
DA:170,90
DA:172,90
DA:173,0
DA:174,0
DA:176,0
DA:178,0
DA:179,0
DA:180,0
DA:183,0
DA:184,0
DA:185,0
DA:188,0
DA:189,0
DA:190,0
DA:193,0
DA:194,0
DA:195,0
DA:198,0
DA:199,0
DA:200,0
DA:203,0
DA:204,0
DA:205,0
DA:208,0
DA:209,0
DA:210,0
DA:213,0
DA:214,0
DA:215,0
DA:218,0
DA:219,0
DA:221,0
DA:222,0
DA:227,0
DA:233,90
DA:234,45
DA:239,0
DA:245,0
DA:260,90
DA:271,90
DA:282,90
DA:361,1
DA:373,0
DA:405,45
DA:418,0
DA:430,29
LF:65
LH:29
BRDA:28,0,0,87
BRDA:28,0,1,0
BRDA:28,1,0,87
BRDA:28,1,1,87
BRDA:28,2,0,0
BRDA:28,2,1,29
BRDA:28,3,0,0
BRDA:28,3,1,29
BRDA:28,4,0,0
BRDA:28,4,1,29
BRDA:28,5,0,29
BRDA:28,5,1,29
BRDA:28,5,2,29
BRDA:28,6,0,0
BRDA:28,6,1,29
BRDA:28,7,0,29
BRDA:28,7,1,29
BRDA:28,7,2,0
BRDA:28,8,0,0
BRDA:28,8,1,29
BRDA:28,9,0,29
BRDA:28,9,1,29
BRDA:28,10,0,29
BRDA:28,10,1,29
BRDA:28,11,0,812
BRDA:28,11,1,0
BRDA:28,12,0,812
BRDA:28,12,1,812
BRDA:28,13,0,812
BRDA:28,13,1,0
BRDA:28,14,0,0
BRDA:28,14,1,812
BRDA:28,15,0,812
BRDA:28,15,1,812
BRDA:28,15,2,812
BRDA:28,16,0,29
BRDA:28,16,1,0
BRDA:28,17,0,90
BRDA:28,17,1,0
BRDA:28,18,0,90
BRDA:28,18,1,90
BRDA:28,19,0,0
BRDA:28,19,1,90
BRDA:28,20,0,90
BRDA:28,20,1,0
BRDA:28,21,0,0
BRDA:28,21,1,0
BRDA:28,22,0,0
BRDA:28,22,1,0
BRDA:28,23,0,270
BRDA:28,23,1,0
BRDA:28,23,2,0
BRDA:28,23,3,0
BRDA:28,24,0,0
BRDA:28,24,1,0
BRDA:28,25,0,0
BRDA:28,25,1,0
BRDA:28,26,0,0
BRDA:28,26,1,0
BRDA:28,27,0,0
BRDA:28,27,1,0
BRDA:28,28,0,0
BRDA:28,28,1,0
BRDA:28,29,0,0
BRDA:28,29,1,0
BRDA:28,30,0,0
BRDA:28,30,1,0
BRDA:28,31,0,0
BRDA:28,31,1,0
BRDA:28,32,0,0
BRDA:28,32,1,0
BRDA:28,33,0,0
BRDA:28,33,1,0
BRDA:28,34,0,0
BRDA:28,34,1,0
BRDA:28,35,0,0
BRDA:28,35,1,0
BRDA:28,35,2,0
BRDA:28,36,0,0
BRDA:28,36,1,0
BRDA:28,37,0,0
BRDA:28,37,1,0
BRDA:28,38,0,0
BRDA:28,38,1,0
BRDA:28,39,0,0
BRDA:28,39,1,0
BRDA:28,40,0,0
BRDA:28,40,1,0
BRDA:28,41,0,0
BRDA:28,41,1,0
BRDA:28,42,0,270
BRDA:28,42,1,0
BRDA:60,43,0,85
BRDA:60,43,1,5
BRDA:60,44,0,75
BRDA:60,44,1,15
BRDA:173,45,0,0
BRDA:173,45,1,0
BRDA:176,46,0,0
BRDA:176,46,1,0
BRDA:176,46,2,0
BRDA:176,46,3,0
BRDA:176,46,4,0
BRDA:176,46,5,0
BRDA:176,46,6,0
BRDA:176,46,7,0
BRDA:176,46,8,0
BRDA:176,46,9,0
BRDA:250,47,0,5
BRDA:250,47,1,40
BRDA:287,48,0,90
BRDA:287,48,1,80
BRDA:321,49,0,90
BRDA:321,49,1,15
BRDA:324,50,0,5
BRDA:324,50,1,10
BRDA:335,51,0,90
BRDA:335,51,1,14
BRDA:335,51,2,0
BRDA:340,52,0,0
BRDA:340,52,1,0
BRDA:350,53,0,6
BRDA:350,53,1,84
BRDA:358,54,0,1
BRDA:358,54,1,89
BRDA:372,55,0,5
BRDA:372,55,1,85
BRDA:374,56,0,0
BRDA:374,56,1,0
BRF:129
BRH:53
end_of_record
TN:
SF:src/components/header/InstutionHeader.tsx
FN:28,_interopRequireDefault
FN:28,_getRequireWildcardCache
FN:28,_getRequireWildcardCache
FN:28,_interopRequireWildcard
FN:28,ownKeys
FN:28,(anonymous_5)
FN:28,_objectSpread
FN:28,(anonymous_7)
FN:28,(anonymous_8)
FN:28,_defineProperty
FN:28,_slicedToArray
FN:28,_nonIterableRest
FN:28,_unsupportedIterableToArray
FN:28,_arrayLikeToArray
FN:28,_iterableToArrayLimit
FN:28,_arrayWithHoles
FN:48,Header
FN:66,styleSheet
FN:172,optionSelected
FN:221,(anonymous_19)
FN:233,rowRenderItem
FN:238,onPress
FN:244,onPress
FN:361,onPress
FN:373,onBackdropPress
FN:405,renderItem
FN:417,onConfirmPressed
FN:420,onCancelPressed
FNF:28
FNH:13
FNDA:9,_interopRequireDefault
FNDA:3,_getRequireWildcardCache
FNDA:3,_getRequireWildcardCache
FNDA:3,_interopRequireWildcard
FNDA:7,ownKeys
FNDA:0,(anonymous_5)
FNDA:7,_objectSpread
FNDA:0,(anonymous_7)
FNDA:0,(anonymous_8)
FNDA:0,_defineProperty
FNDA:21,_slicedToArray
FNDA:0,_nonIterableRest
FNDA:0,_unsupportedIterableToArray
FNDA:0,_arrayLikeToArray
FNDA:0,_iterableToArrayLimit
FNDA:21,_arrayWithHoles
FNDA:8,Header
FNDA:7,styleSheet
FNDA:0,optionSelected
FNDA:0,(anonymous_19)
FNDA:45,rowRenderItem
FNDA:0,onPress
FNDA:0,onPress
FNDA:1,onPress
FNDA:0,onBackdropPress
FNDA:45,renderItem
FNDA:0,onConfirmPressed
FNDA:0,onCancelPressed
DA:1,3
DA:2,3
DA:14,3
DA:22,3
DA:24,3
DA:25,3
DA:26,3
DA:27,3
DA:28,84
DA:30,3
DA:47,3
DA:48,3
DA:60,8
DA:61,7
DA:62,7
DA:63,7
DA:64,7
DA:65,7
DA:66,7
DA:170,7
DA:172,7
DA:173,0
DA:174,0
DA:176,0
DA:178,0
DA:179,0
DA:180,0
DA:183,0
DA:184,0
DA:185,0
DA:188,0
DA:189,0
DA:190,0
DA:193,0
DA:194,0
DA:195,0
DA:198,0
DA:199,0
DA:200,0
DA:203,0
DA:204,0
DA:205,0
DA:208,0
DA:209,0
DA:210,0
DA:213,0
DA:214,0
DA:215,0
DA:218,0
DA:219,0
DA:221,0
DA:222,0
DA:227,0
DA:233,7
DA:234,45
DA:239,0
DA:245,0
DA:260,7
DA:271,7
DA:282,7
DA:361,1
DA:373,0
DA:405,45
DA:418,0
DA:430,3
LF:65
LH:29
BRDA:28,0,0,9
BRDA:28,0,1,0
BRDA:28,1,0,9
BRDA:28,1,1,9
BRDA:28,2,0,0
BRDA:28,2,1,3
BRDA:28,3,0,0
BRDA:28,3,1,3
BRDA:28,4,0,0
BRDA:28,4,1,3
BRDA:28,5,0,3
BRDA:28,5,1,3
BRDA:28,5,2,3
BRDA:28,6,0,0
BRDA:28,6,1,3
BRDA:28,7,0,3
BRDA:28,7,1,3
BRDA:28,7,2,0
BRDA:28,8,0,0
BRDA:28,8,1,3
BRDA:28,9,0,3
BRDA:28,9,1,3
BRDA:28,10,0,3
BRDA:28,10,1,3
BRDA:28,11,0,84
BRDA:28,11,1,0
BRDA:28,12,0,84
BRDA:28,12,1,84
BRDA:28,13,0,84
BRDA:28,13,1,0
BRDA:28,14,0,0
BRDA:28,14,1,84
BRDA:28,15,0,84
BRDA:28,15,1,84
BRDA:28,15,2,84
BRDA:28,16,0,3
BRDA:28,16,1,0
BRDA:28,17,0,7
BRDA:28,17,1,0
BRDA:28,18,0,7
BRDA:28,18,1,7
BRDA:28,19,0,0
BRDA:28,19,1,7
BRDA:28,20,0,7
BRDA:28,20,1,0
BRDA:28,21,0,0
BRDA:28,21,1,0
BRDA:28,22,0,0
BRDA:28,22,1,0
BRDA:28,23,0,21
BRDA:28,23,1,0
BRDA:28,23,2,0
BRDA:28,23,3,0
BRDA:28,24,0,0
BRDA:28,24,1,0
BRDA:28,25,0,0
BRDA:28,25,1,0
BRDA:28,26,0,0
BRDA:28,26,1,0
BRDA:28,27,0,0
BRDA:28,27,1,0
BRDA:28,28,0,0
BRDA:28,28,1,0
BRDA:28,29,0,0
BRDA:28,29,1,0
BRDA:28,30,0,0
[...]
FNDA:0,onCancelPressed
FNDA:0,onConfirmPressed
FNDA:0,onCancelPressed
DA:1,3
DA:2,3
DA:5,3
DA:6,3
DA:7,3
DA:8,3
DA:9,3
DA:12,3
DA:13,3
DA:14,3
DA:17,3
DA:19,3
DA:20,3
DA:21,3
DA:24,3
DA:26,3
DA:27,3
DA:28,3
DA:29,3
DA:30,3
DA:31,3
DA:32,3
DA:33,140
DA:35,3
DA:36,3
DA:42,6
DA:43,4
DA:44,4
DA:47,4
DA:49,4
DA:51,4
DA:52,4
DA:53,4
DA:55,4
DA:56,4
DA:59,4
DA:60,4
DA:61,4
DA:62,4
DA:63,4
DA:64,4
DA:65,4
DA:66,4
DA:68,4
DA:69,4
DA:70,4
DA:71,4
DA:72,4
DA:73,4
DA:75,4
DA:87,4
DA:89,4
DA:94,4
DA:96,4
DA:98,4
DA:99,4
DA:100,4
DA:101,4
DA:102,4
DA:103,4
DA:104,4
DA:105,4
DA:107,4
DA:108,4
DA:109,4
DA:110,4
DA:113,4
DA:114,4
DA:117,4
DA:120,4
DA:123,4
DA:126,4
DA:130,4
DA:133,4
DA:137,0
DA:138,0
DA:139,0
DA:140,0
DA:141,0
DA:142,0
DA:143,0
DA:148,4
DA:149,0
DA:152,0
DA:155,0
DA:157,0
DA:159,0
DA:160,0
DA:164,4
DA:165,0
DA:166,0
DA:167,0
DA:171,0
DA:174,0
DA:175,0
DA:176,0
DA:182,0
DA:183,0
DA:184,0
DA:191,0
DA:195,4
DA:196,2
DA:198,0
DA:201,2
DA:202,0
DA:207,4
DA:208,4
DA:210,0
DA:218,0
DA:227,0
DA:239,4
DA:242,0
DA:243,0
DA:244,0
DA:247,4
DA:248,0
DA:249,0
DA:250,0
DA:251,0
DA:254,0
DA:262,0
DA:265,0
DA:281,0
DA:295,0
DA:299,4
DA:300,4
DA:311,0
DA:312,0
DA:313,0
DA:314,0
DA:316,0
DA:321,0
DA:322,0
DA:324,0
DA:329,0
DA:330,0
DA:331,0
DA:332,0
DA:334,0
DA:339,0
DA:340,0
DA:342,0
DA:347,0
DA:348,0
DA:350,0
DA:354,0
DA:359,0
DA:360,0
DA:361,0
DA:362,0
DA:364,0
DA:378,0
DA:381,0
DA:396,0
DA:402,0
DA:403,0
DA:405,0
DA:412,0
DA:413,0
DA:414,0
DA:415,0
DA:416,0
DA:417,0
DA:418,0
DA:419,0
DA:421,0
DA:435,0
DA:438,0
DA:459,0
DA:466,4
DA:467,0
DA:488,4
DA:489,0
DA:509,4
DA:510,0
DA:513,0
DA:514,0
DA:515,0
DA:516,0
DA:532,0
DA:533,0
DA:534,0
DA:536,0
DA:537,0
DA:538,0
DA:540,0
DA:542,0
DA:543,0
DA:545,0
DA:546,0
DA:547,0
DA:550,0
DA:557,0
DA:558,0
DA:559,0
DA:561,0
DA:563,0
DA:564,0
DA:565,0
DA:566,0
DA:567,0
DA:569,0
DA:585,0
DA:586,0
DA:588,0
DA:591,4
DA:592,0
DA:595,4
DA:596,0
DA:597,0
DA:598,0
DA:599,0
DA:604,4
DA:617,4
DA:618,4
DA:725,4
DA:729,0
DA:743,0
DA:760,0
DA:761,0
DA:773,0
DA:774,0
DA:777,0
DA:778,0
DA:780,0
DA:781,0
DA:788,0
DA:791,0
DA:794,0
DA:807,0
DA:810,0
DA:828,0
DA:829,0
DA:833,0
DA:851,0
DA:853,0
DA:857,0
DA:871,0
DA:874,0
DA:876,0
DA:888,0
DA:889,0
DA:904,0
DA:951,0
DA:953,0
DA:970,0
DA:971,0
DA:980,4
DA:996,0
DA:1002,0
DA:1020,0
DA:1023,4
DA:1042,0
DA:1046,0
DA:1047,0
DA:1048,0
DA:1063,0
DA:1095,0
DA:1096,0
DA:1118,0
DA:1119,0
DA:1121,0
DA:1123,0
DA:1126,0
DA:1127,0
DA:1157,0
DA:1167,3
DA:1286,3
LF:268
LH:98
BRDA:33,0,0,24
BRDA:33,0,1,0
BRDA:33,1,0,24
BRDA:33,1,1,24
BRDA:33,2,0,0
BRDA:33,2,1,3
BRDA:33,3,0,0
BRDA:33,3,1,6
BRDA:33,4,0,0
BRDA:33,4,1,6
BRDA:33,5,0,6
BRDA:33,5,1,6
BRDA:33,5,2,6
BRDA:33,6,0,0
BRDA:33,6,1,6
BRDA:33,7,0,6
BRDA:33,7,1,6
BRDA:33,7,2,0
BRDA:33,8,0,0
BRDA:33,8,1,6
BRDA:33,9,0,6
BRDA:33,9,1,6
BRDA:33,10,0,6
BRDA:33,10,1,6
BRDA:33,11,0,93
BRDA:33,11,1,0
BRDA:33,12,0,93
BRDA:33,12,1,93
BRDA:33,13,0,93
BRDA:33,13,1,0
BRDA:33,14,0,0
BRDA:33,14,1,93
BRDA:33,15,0,93
BRDA:33,15,1,93
BRDA:33,15,2,93
BRDA:33,16,0,6
BRDA:33,16,1,0
BRDA:33,17,0,140
BRDA:33,17,1,0
BRDA:33,17,2,0
BRDA:33,17,3,0
BRDA:33,18,0,0
BRDA:33,18,1,0
BRDA:33,19,0,0
BRDA:33,19,1,0
BRDA:33,20,0,0
BRDA:33,20,1,0
BRDA:33,21,0,0
BRDA:33,21,1,0
BRDA:33,22,0,0
BRDA:33,22,1,0
BRDA:33,23,0,0
BRDA:33,23,1,0
BRDA:33,24,0,0
BRDA:33,24,1,0
BRDA:33,25,0,0
BRDA:33,25,1,0
BRDA:33,26,0,0
BRDA:33,26,1,0
BRDA:33,27,0,0
BRDA:33,27,1,0
BRDA:33,28,0,0
BRDA:33,28,1,0
BRDA:33,29,0,0
BRDA:33,29,1,0
BRDA:33,29,2,0
BRDA:33,30,0,0
BRDA:33,30,1,0
BRDA:33,31,0,0
BRDA:33,31,1,0
BRDA:33,32,0,0
BRDA:33,32,1,0
BRDA:33,33,0,0
BRDA:33,33,1,0
BRDA:33,34,0,0
BRDA:33,34,1,0
BRDA:33,35,0,0
BRDA:33,35,1,0
BRDA:33,36,0,140
BRDA:33,36,1,0
BRDA:44,37,0,0
BRDA:44,37,1,4
BRDA:44,38,0,4
BRDA:44,38,1,1
BRDA:59,39,0,0
BRDA:59,39,1,4
BRDA:59,40,0,4
BRDA:59,40,1,1
BRDA:59,41,0,0
BRDA:59,41,1,0
BRDA:61,42,0,0
BRDA:61,42,1,4
BRDA:61,43,0,4
BRDA:61,43,1,1
BRDA:61,44,0,0
BRDA:61,44,1,0
BRDA:137,45,0,0
BRDA:137,45,1,0
BRDA:137,46,0,0
BRDA:137,46,1,0
BRDA:137,46,2,0
BRDA:137,46,3,0
BRDA:137,46,4,0
BRDA:141,47,0,0
BRDA:141,47,1,0
BRDA:142,48,0,0
BRDA:142,48,1,0
BRDA:143,49,0,0
BRDA:143,49,1,0
BRDA:155,50,0,0
BRDA:155,50,1,0
BRDA:155,50,2,0
BRDA:155,50,3,0
BRDA:159,51,0,0
BRDA:159,51,1,0
BRDA:159,51,2,0
BRDA:164,52,0,0
BRDA:164,52,1,0
BRDA:164,52,2,0
BRDA:164,52,3,0
BRDA:164,53,0,0
BRDA:164,53,1,0
BRDA:174,54,0,0
BRDA:174,54,1,0
BRDA:182,55,0,0
BRDA:182,55,1,0
BRDA:201,56,0,0
BRDA:201,56,1,2
BRDA:248,57,0,0
BRDA:248,57,1,0
BRDA:254,58,0,0
BRDA:254,58,1,0
BRDA:254,59,0,0
BRDA:254,59,1,0
BRDA:254,59,2,0
BRDA:256,60,0,0
BRDA:256,60,1,0
BRDA:269,61,0,0
BRDA:269,61,1,0
BRDA:269,62,0,0
BRDA:269,62,1,0
BRDA:311,63,0,0
BRDA:311,63,1,0
BRDA:313,64,0,0
BRDA:313,64,1,0
BRDA:321,65,0,0
BRDA:321,65,1,0
BRDA:321,66,0,0
BRDA:321,66,1,0
BRDA:329,67,0,0
BRDA:329,67,1,0
BRDA:331,68,0,0
BRDA:331,68,1,0
BRDA:339,69,0,0
BRDA:339,69,1,0
BRDA:347,70,0,0
BRDA:347,70,1,0
BRDA:354,71,0,0
BRDA:354,71,1,0
BRDA:355,72,0,0
BRDA:355,72,1,0
BRDA:355,72,2,0
BRDA:359,73,0,0
BRDA:359,73,1,0
BRDA:359,74,0,0
BRDA:359,74,1,0
BRDA:384,75,0,0
BRDA:384,75,1,0
BRDA:388,76,0,0
BRDA:388,76,1,0
BRDA:389,77,0,0
BRDA:389,77,1,0
BRDA:391,78,0,0
BRDA:391,78,1,0
BRDA:392,79,0,0
BRDA:392,79,1,0
BRDA:402,80,0,0
BRDA:402,80,1,0
BRDA:405,81,0,0
BRDA:405,81,1,0
BRDA:406,82,0,0
BRDA:406,82,1,0
BRDA:406,82,2,0
BRDA:406,82,3,0
BRDA:406,82,4,0
BRDA:412,83,0,0
BRDA:412,83,1,0
BRDA:416,84,0,0
BRDA:416,84,1,0
BRDA:416,85,0,0
BRDA:416,85,1,0
BRDA:441,86,0,0
BRDA:441,86,1,0
BRDA:445,87,0,0
BRDA:445,87,1,0
BRDA:448,88,0,0
BRDA:448,88,1,0
BRDA:450,89,0,0
BRDA:450,89,1,0
BRDA:451,90,0,0
BRDA:451,90,1,0
BRDA:452,91,0,0
BRDA:452,91,1,0
BRDA:455,92,0,0
BRDA:455,92,1,0
BRDA:468,93,0,4
BRDA:468,93,1,0
BRDA:475,94,0,4
BRDA:475,94,1,4
BRDA:490,95,0,4
BRDA:490,95,1,0
BRDA:497,96,0,4
BRDA:497,96,1,4
BRDA:509,97,0,0
BRDA:509,97,1,0
BRDA:509,97,2,0
BRDA:509,97,3,0
BRDA:509,98,0,0
BRDA:509,98,1,0
BRDA:513,99,0,0
BRDA:513,99,1,0
BRDA:518,100,0,0
BRDA:518,100,1,0
BRDA:524,101,0,0
BRDA:524,101,1,0
BRDA:525,102,0,0
BRDA:525,102,1,0
BRDA:528,103,0,0
BRDA:528,103,1,0
BRDA:529,104,0,0
BRDA:529,104,1,0
BRDA:534,105,0,0
BRDA:534,105,1,0
BRDA:537,106,0,0
BRDA:537,106,1,0
BRDA:537,107,0,0
BRDA:537,107,1,0
BRDA:543,108,0,0
BRDA:543,108,1,0
BRDA:545,109,0,0
BRDA:545,109,1,0
BRDA:557,110,0,0
BRDA:557,110,1,0
BRDA:563,111,0,0
BRDA:563,111,1,0
BRDA:565,112,0,0
BRDA:565,112,1,0
BRDA:570,113,0,0
BRDA:570,113,1,0
BRDA:571,114,0,0
BRDA:571,114,1,0
BRDA:574,115,0,0
BRDA:574,115,1,0
BRDA:621,116,0,0
BRDA:621,116,1,4
BRDA:631,117,0,0
BRDA:631,117,1,4
BRDA:641,118,0,0
BRDA:641,118,1,4
BRDA:651,119,0,0
BRDA:651,119,1,4
BRDA:661,120,0,0
BRDA:661,120,1,4
BRDA:671,121,0,0
BRDA:671,121,1,4
BRDA:681,122,0,0
BRDA:681,122,1,4
BRDA:691,123,0,0
BRDA:691,123,1,4
BRDA:700,124,0,0
BRDA:700,124,1,4
BRDA:710,125,0,0
BRDA:710,125,1,4
BRDA:732,126,0,4
BRDA:732,126,1,0
BRDA:777,127,0,0
BRDA:777,127,1,0
BRDA:777,128,0,0
BRDA:777,128,1,0
BRDA:788,129,0,0
BRDA:788,129,1,0
BRDA:788,130,0,0
BRDA:788,130,1,0
BRDA:794,131,0,0
BRDA:794,131,1,0
BRDA:807,132,0,0
BRDA:807,132,1,0
BRDA:807,133,0,0
BRDA:807,133,1,0
BRDA:828,134,0,0
BRDA:828,134,1,0
BRDA:853,135,0,0
BRDA:853,135,1,0
BRDA:916,136,0,4
BRDA:916,136,1,0
BRDA:919,137,0,4
BRDA:919,137,1,0
BRDA:923,138,0,4
BRDA:923,138,1,0
BRDA:931,139,0,4
BRDA:931,139,1,0
BRDA:938,140,0,4
BRDA:938,140,1,4
BRDA:951,141,0,0
BRDA:951,141,1,0
BRDA:996,142,0,0
BRDA:996,142,1,0
BRDA:996,142,2,0
BRDA:996,142,3,0
BRDA:996,142,4,0
BRDA:1014,143,0,0
BRDA:1014,143,1,0
BRDA:1033,144,0,4
BRDA:1033,144,1,4
BRDA:1042,145,0,0
BRDA:1042,145,1,0
BRDA:1043,146,0,0
BRDA:1043,146,1,0
BRDA:1074,147,0,0
BRDA:1074,147,1,0
BRDA:1077,148,0,0
BRDA:1077,148,1,0
BRDA:1085,149,0,4
BRDA:1085,149,1,4
BRDA:1095,150,0,0
BRDA:1095,150,1,0
BRDA:1108,151,0,0
BRDA:1108,151,1,4
BRDA:1113,152,0,0
BRDA:1113,152,1,4
BRDA:1118,153,0,0
BRDA:1118,153,1,0
BRF:332
BRH:67
end_of_record
TN:
SF:src/screens/onboard/Onboard-screen-signIn.tsx
FN:25,_interopRequireDefault
FN:25,_getRequireWildcardCache
FN:25,_getRequireWildcardCache
FN:25,_interopRequireWildcard
FN:25,ownKeys
FN:25,(anonymous_5)
FN:25,_objectSpread
FN:25,(anonymous_7)
FN:25,(anonymous_8)
FN:25,_defineProperty
FN:25,_slicedToArray
FN:25,_nonIterableRest
FN:25,_unsupportedIterableToArray
FN:25,_arrayLikeToArray
FN:25,_iterableToArrayLimit
FN:25,_arrayWithHoles
FN:32,renderText
FN:49,OnboardScreen
FN:66,pickImageFromCamera
FN:66,pickImageFromCamera$
FN:71,(anonymous_20)
FN:79,(anonymous_21)
FN:84,_callee
FN:84,_callee$
FN:90,(anonymous_24)
FN:100,pickImageFromGallery
FN:100,pickImageFromGallery$
FN:105,(anonymous_27)
FN:113,(anonymous_28)
FN:118,(anonymous_29)
FN:124,(anonymous_30)
FN:134,onNextPressed
FN:134,onNextPressed$
FN:145,(anonymous_33)
FN:174,removeProfile
FN:209,openGallery
FN:210,(anonymous_36)
FN:235,callBack
FN:243,onBackPress
FN:251,callBack
FN:257,onBackPress
FNF:41
FNH:8
FNDA:12,_interopRequireDefault
FNDA:2,_getRequireWildcardCache
FNDA:2,_getRequireWildcardCache
FNDA:2,_interopRequireWildcard
FNDA:0,ownKeys
FNDA:0,(anonymous_5)
FNDA:0,_objectSpread
FNDA:0,(anonymous_7)
FNDA:0,(anonymous_8)
FNDA:0,_defineProperty
FNDA:6,_slicedToArray
FNDA:0,_nonIterableRest
FNDA:0,_unsupportedIterableToArray
FNDA:0,_arrayLikeToArray
FNDA:0,_iterableToArrayLimit
FNDA:6,_arrayWithHoles
FNDA:1,renderText
FNDA:2,OnboardScreen
FNDA:0,pickImageFromCamera
FNDA:0,pickImageFromCamera$
FNDA:0,(anonymous_20)
FNDA:0,(anonymous_21)
FNDA:0,_callee
FNDA:0,_callee$
FNDA:0,(anonymous_24)
FNDA:0,pickImageFromGallery
FNDA:0,pickImageFromGallery$
FNDA:0,(anonymous_27)
FNDA:0,(anonymous_28)
FNDA:0,(anonymous_29)
FNDA:0,(anonymous_30)
FNDA:0,onNextPressed
FNDA:0,onNextPressed$
FNDA:0,(anonymous_33)
FNDA:0,removeProfile
FNDA:0,openGallery
FNDA:0,(anonymous_36)
FNDA:0,callBack
FNDA:0,onBackPress
FNDA:0,callBack
FNDA:0,onBackPress
DA:1,2
DA:2,2
DA:4,2
DA:5,2
DA:6,2
DA:7,2
DA:9,2
DA:10,2
DA:11,2
DA:12,2
DA:13,2
DA:15,2
DA:16,2
DA:18,2
DA:20,2
DA:21,2
DA:22,2
DA:23,2
DA:24,2
DA:25,56
DA:28,2
DA:29,2
DA:32,2
DA:33,1
DA:49,2
DA:50,1
DA:51,1
DA:53,1
DA:54,1
DA:55,1
DA:56,1
DA:57,1
DA:58,1
DA:62,1
DA:64,1
DA:66,1
DA:67,0
DA:72,0
DA:73,0
DA:79,0
DA:80,0
DA:83,0
DA:84,0
DA:85,0
DA:88,0
DA:91,0
DA:92,0
DA:94,0
DA:97,0
DA:100,1
DA:101,0
DA:106,0
DA:107,0
DA:113,0
DA:114,0
DA:117,0
DA:118,0
DA:119,0
DA:124,0
DA:125,0
DA:126,0
DA:131,0
DA:134,1
DA:135,0
DA:136,0
DA:137,0
DA:138,0
DA:139,0
DA:140,0
DA:144,0
DA:145,0
DA:146,0
DA:147,0
DA:148,0
DA:149,0
DA:158,0
DA:160,0
DA:162,0
DA:163,0
DA:166,0
DA:169,0
DA:174,1
DA:175,0
DA:177,0
DA:185,0
DA:188,1
DA:210,0
DA:211,0
DA:236,0
DA:244,0
DA:252,0
DA:258,0
DA:267,2
DA:310,2
LF:94
LH:42
BRDA:25,0,0,12
BRDA:25,0,1,0
BRDA:25,1,0,12
BRDA:25,1,1,12
BRDA:25,2,0,0
BRDA:25,2,1,2
BRDA:25,3,0,0
BRDA:25,3,1,2
BRDA:25,4,0,0
BRDA:25,4,1,2
BRDA:25,5,0,2
BRDA:25,5,1,2
BRDA:25,5,2,2
BRDA:25,6,0,0
BRDA:25,6,1,2
BRDA:25,7,0,2
BRDA:25,7,1,2
BRDA:25,7,2,0
BRDA:25,8,0,0
BRDA:25,8,1,2
BRDA:25,9,0,2
BRDA:25,9,1,2
BRDA:25,10,0,2
BRDA:25,10,1,2
BRDA:25,11,0,56
BRDA:25,11,1,0
BRDA:25,12,0,56
BRDA:25,12,1,56
BRDA:25,13,0,56
BRDA:25,13,1,0
BRDA:25,14,0,0
BRDA:25,14,1,56
BRDA:25,15,0,56
BRDA:25,15,1,56
BRDA:25,15,2,56
BRDA:25,16,0,2
BRDA:25,16,1,0
BRDA:25,17,0,0
BRDA:25,17,1,0
BRDA:25,18,0,0
BRDA:25,18,1,0
BRDA:25,19,0,0
BRDA:25,19,1,0
BRDA:25,20,0,0
BRDA:25,20,1,0
BRDA:25,21,0,0
BRDA:25,21,1,0
BRDA:25,22,0,0
BRDA:25,22,1,0
BRDA:25,23,0,6
BRDA:25,23,1,0
BRDA:25,23,2,0
BRDA:25,23,3,0
BRDA:25,24,0,0
BRDA:25,24,1,0
BRDA:25,25,0,0
BRDA:25,25,1,0
BRDA:25,26,0,0
BRDA:25,26,1,0
BRDA:25,27,0,0
BRDA:25,27,1,0
BRDA:25,28,0,0
BRDA:25,28,1,0
BRDA:25,29,0,0
BRDA:25,29,1,0
BRDA:25,30,0,0
BRDA:25,30,1,0
BRDA:25,31,0,0
BRDA:25,31,1,0
BRDA:25,32,0,0
BRDA:25,32,1,0
BRDA:25,33,0,0
BRDA:25,33,1,0
BRDA:25,34,0,0
BRDA:25,34,1,0
BRDA:25,35,0,0
BRDA:25,35,1,0
BRDA:25,35,2,0
BRDA:25,36,0,0
BRDA:25,36,1,0
BRDA:25,37,0,0
BRDA:25,37,1,0
BRDA:25,38,0,0
BRDA:25,38,1,0
BRDA:25,39,0,0
BRDA:25,39,1,0
BRDA:25,40,0,0
BRDA:25,40,1,0
BRDA:25,41,0,0
BRDA:25,41,1,0
BRDA:25,42,0,6
BRDA:25,42,1,0
BRDA:36,43,0,1
BRDA:36,43,1,0
BRDA:66,44,0,0
BRDA:66,44,1,0
BRDA:66,44,2,0
BRDA:68,45,0,0
BRDA:68,45,1,0
BRDA:72,46,0,0
BRDA:72,46,1,0
BRDA:84,47,0,0
BRDA:84,47,1,0
BRDA:84,47,2,0
BRDA:91,48,0,0
BRDA:91,48,1,0
BRDA:91,49,0,0
BRDA:91,49,1,0
BRDA:100,50,0,0
BRDA:100,50,1,0
BRDA:100,50,2,0
BRDA:102,51,0,0
BRDA:102,51,1,0
BRDA:106,52,0,0
BRDA:106,52,1,0
BRDA:125,53,0,0
BRDA:125,53,1,0
BRDA:125,54,0,0
BRDA:125,54,1,0
BRDA:134,55,0,0
BRDA:134,55,1,0
BRDA:134,55,2,0
BRDA:134,55,3,0
BRDA:134,55,4,0
BRDA:134,56,0,0
BRDA:134,56,1,0
BRDA:138,57,0,0
BRDA:138,57,1,0
BRDA:147,58,0,0
BRDA:147,58,1,0
BRDA:162,59,0,0
BRDA:162,59,1,0
BRDA:216,60,0,0
BRDA:216,60,1,1
BRDA:218,61,0,0
BRDA:218,61,1,1
BRDA:231,62,0,0
BRDA:231,62,1,1
BRDA:231,63,0,1
BRDA:231,63,1,0
BRDA:236,64,0,0
BRDA:236,64,1,0
BRDA:238,65,0,0
BRDA:238,65,1,0
BRDA:252,66,0,0
BRDA:252,66,1,0
BRF:146
BRH:33
end_of_record
TN:
SF:src/screens/splash/Splash-screen.tsx
FN:27,_interopRequireDefault
FN:27,_getRequireWildcardCache
FN:27,_getRequireWildcardCache
FN:27,_interopRequireWildcard
FN:27,_slicedToArray
FN:27,_nonIterableRest
FN:27,_unsupportedIterableToArray
FN:27,_arrayLikeToArray
FN:27,_iterableToArrayLimit
FN:27,_arrayWithHoles
FN:34,SplashScreen
FN:50,(anonymous_11)
FN:57,crash_crashlytics
FN:57,crash_crashlytics$
FN:63,(anonymous_14)
FN:65,(anonymous_15)
FN:74,(anonymous_16)
FN:80,getUserDetails
FN:82,(anonymous_18)
FN:92,(anonymous_19)
FN:93,redirectToNext
FN:93,redirectToNext$
FNF:22
FNH:14
FNDA:10,_interopRequireDefault
FNDA:2,_getRequireWildcardCache
FNDA:4,_getRequireWildcardCache
FNDA:4,_interopRequireWildcard
FNDA:4,_slicedToArray
FNDA:0,_nonIterableRest
FNDA:0,_unsupportedIterableToArray
FNDA:0,_arrayLikeToArray
FNDA:0,_iterableToArrayLimit
FNDA:4,_arrayWithHoles
FNDA:2,SplashScreen
FNDA:1,(anonymous_11)
FNDA:1,crash_crashlytics
FNDA:2,crash_crashlytics$
FNDA:1,(anonymous_14)
FNDA:0,(anonymous_15)
FNDA:1,(anonymous_16)
FNDA:1,getUserDetails
FNDA:0,(anonymous_18)
FNDA:1,(anonymous_19)
FNDA:0,redirectToNext
FNDA:0,redirectToNext$
DA:1,2
DA:2,2
DA:4,2
DA:5,2
DA:6,2
DA:7,2
DA:9,2
DA:10,2
DA:12,2
DA:14,2
DA:16,2
DA:17,2
DA:18,2
DA:19,2
DA:27,62
DA:30,2
DA:31,2
DA:32,2
DA:34,2
DA:35,2
DA:36,1
DA:38,1
DA:39,1
DA:40,1
DA:43,1
DA:44,1
DA:45,1
DA:48,1
DA:50,1
DA:51,1
DA:53,1
DA:54,1
DA:57,2
DA:59,1
DA:63,1
DA:65,1
DA:66,0
DA:67,0
DA:68,0
DA:69,0
DA:74,1
DA:75,1
DA:81,1
DA:82,0
DA:83,0
DA:84,0
DA:85,0
DA:86,0
DA:92,1
DA:93,1
DA:94,0
DA:95,0
DA:96,0
DA:97,0
DA:98,0
DA:100,0
DA:101,0
DA:104,1
DA:105,0
DA:109,1
DA:137,2
DA:169,2
LF:62
LH:45
BRDA:27,0,0,8
BRDA:27,0,1,2
BRDA:27,1,0,10
BRDA:27,1,1,10
BRDA:27,2,0,0
BRDA:27,2,1,2
BRDA:27,3,0,0
BRDA:27,3,1,4
BRDA:27,4,0,0
BRDA:27,4,1,4
BRDA:27,5,0,4
BRDA:27,5,1,4
BRDA:27,5,2,4
BRDA:27,6,0,0
BRDA:27,6,1,4
BRDA:27,7,0,4
BRDA:27,7,1,4
BRDA:27,7,2,0
BRDA:27,8,0,0
BRDA:27,8,1,4
BRDA:27,9,0,4
BRDA:27,9,1,4
BRDA:27,10,0,4
BRDA:27,10,1,4
BRDA:27,11,0,62
BRDA:27,11,1,0
BRDA:27,12,0,62
BRDA:27,12,1,62
BRDA:27,13,0,62
BRDA:27,13,1,0
BRDA:27,14,0,0
BRDA:27,14,1,62
BRDA:27,15,0,62
BRDA:27,15,1,62
BRDA:27,15,2,62
BRDA:27,16,0,4
BRDA:27,16,1,0
BRDA:27,17,0,4
BRDA:27,17,1,0
BRDA:27,17,2,0
BRDA:27,17,3,0
BRDA:27,18,0,0
BRDA:27,18,1,0
BRDA:27,19,0,0
BRDA:27,19,1,0
BRDA:27,20,0,0
BRDA:27,20,1,0
BRDA:27,21,0,0
BRDA:27,21,1,0
BRDA:27,22,0,0
BRDA:27,22,1,0
BRDA:27,23,0,0
BRDA:27,23,1,0
BRDA:27,24,0,0
BRDA:27,24,1,0
BRDA:27,25,0,0
BRDA:27,25,1,0
BRDA:27,26,0,0
BRDA:27,26,1,0
BRDA:27,27,0,0
BRDA:27,27,1,0
BRDA:27,28,0,0
BRDA:27,28,1,0
BRDA:27,29,0,0
BRDA:27,29,1,0
BRDA:27,29,2,0
BRDA:27,30,0,0
BRDA:27,30,1,0
BRDA:27,31,0,0
BRDA:27,31,1,0
BRDA:27,32,0,0
BRDA:27,32,1,0
BRDA:27,33,0,0
BRDA:27,33,1,0
BRDA:27,34,0,0
BRDA:27,34,1,0
BRDA:27,35,0,0
BRDA:27,35,1,0
BRDA:27,36,0,4
BRDA:27,36,1,0
BRDA:54,37,0,1
BRDA:54,37,1,1
BRDA:57,38,0,1
BRDA:57,38,1,0
BRDA:57,38,2,0
BRDA:57,38,3,1
BRDA:67,39,0,0
BRDA:67,39,1,0
BRDA:81,40,0,0
BRDA:81,40,1,1
BRDA:81,41,0,1
BRDA:81,41,1,1
BRDA:81,41,2,1
BRDA:81,41,3,0
BRDA:81,41,4,0
BRDA:81,41,5,0
BRDA:81,41,6,0
BRDA:84,42,0,0
BRDA:84,42,1,0
BRDA:84,43,0,0
BRDA:84,43,1,0
BRDA:93,44,0,0
BRDA:93,44,1,0
BRDA:93,44,2,0
BRDA:93,44,3,0
BRDA:95,45,0,0
BRDA:95,45,1,0
BRDA:95,46,0,0
BRDA:95,46,1,0
BRDA:97,47,0,0
BRDA:97,47,1,0
BRDA:104,48,0,0
BRDA:104,48,1,1
BRF:113
BRH:38
end_of_record
TN:
SF:src/screens/tour/Tour-screen.tsx
FN:6,_interopRequireDefault
FN:12,tourBackgroundWave
FN:26,TourScreen
FN:29,onSubmitPressed
FNF:4
FNH:3
FNDA:6,_interopRequireDefault
FNDA:2,tourBackgroundWave
FNDA:2,TourScreen
FNDA:0,onSubmitPressed
DA:1,2
DA:2,2
DA:3,2
DA:4,2
DA:5,2
DA:6,6
DA:9,2
DA:10,2
DA:12,2
DA:13,2
DA:26,2
DA:27,2
DA:29,2
DA:30,0
DA:33,2
DA:60,2
DA:111,2
LF:17
LH:16
BRDA:6,0,0,4
BRDA:6,0,1,2
BRDA:6,1,0,6
BRDA:6,1,1,6
BRF:4
BRH:4
end_of_record
TN:
SF:src/utills/DateTimeUtility.tsx
FN:1,_interopRequireDefault
FN:3,getDateString
FN:9,getTimeString
FN:14,timeDifference
FN:49,extractSecDiff
FNF:5
FNH:1
FNDA:14,_interopRequireDefault
FNDA:0,getDateString
FNDA:0,getTimeString
FNDA:0,timeDifference
FNDA:0,extractSecDiff
DA:1,14
DA:4,0
DA:5,0
DA:10,0
DA:11,0
DA:16,0
DA:17,0
DA:18,0
DA:19,0
DA:20,0
DA:22,0
DA:24,0
DA:25,0
DA:28,0
DA:29,0
DA:32,0
DA:33,0
DA:36,0
DA:37,0
DA:40,0
DA:41,0
DA:45,0
DA:51,0
DA:52,0
DA:53,0
DA:54,0
DA:55,0
DA:57,0
DA:59,0
LF:29
LH:1
BRDA:1,0,0,0
BRDA:1,0,1,14
BRDA:1,1,0,14
BRDA:1,1,1,14
BRDA:24,2,0,0
BRDA:24,2,1,0
BRDA:28,3,0,0
BRDA:28,3,1,0
BRDA:32,4,0,0
BRDA:32,4,1,0
BRDA:36,5,0,0
BRDA:36,5,1,0
BRDA:40,6,0,0
BRDA:40,6,1,0
BRF:14
BRH:3
end_of_record
TN:
SF:src/utills/Validation.tsx
FN:1,isValidEmail
FN:6,isEmptyField
FN:13,isValidPassword
FN:24,isValidName
FN:32,isValidePin
FN:37,isValidePinCode
FN:42,isValidePhoneNo
FN:47,isValidNumber
FN:52,getExtention
FN:57,getHtmlText
FN:65,onlyNumbersAndLetters
FN:73,isBoundedRange
FN:82,hasLowerCase
FN:86,hasUpperCase
FN:90,hasNumber
FN:94,hasSpecialCharecter
FNF:16
FNH:3
FNDA:0,isValidEmail
FNDA:94,isEmptyField
FNDA:0,isValidPassword
FNDA:0,isValidName
FNDA:0,isValidePin
FNDA:0,isValidePinCode
FNDA:0,isValidePhoneNo
FNDA:0,isValidNumber
FNDA:5,getExtention
FNDA:1,getHtmlText
FNDA:0,onlyNumbersAndLetters
FNDA:0,isBoundedRange
FNDA:0,hasLowerCase
FNDA:0,hasUpperCase
FNDA:0,hasNumber
FNDA:0,hasSpecialCharecter
DA:1,27
DA:2,0
DA:3,0
DA:4,27
DA:6,27
DA:7,94
DA:8,46
DA:10,48
DA:11,27
DA:13,27
DA:14,0
DA:19,0
DA:21,0
DA:22,27
DA:24,27
DA:25,0
DA:26,0
DA:27,0
DA:29,0
DA:30,27
DA:32,27
DA:33,0
DA:34,0
DA:35,27
DA:37,27
DA:38,0
DA:39,0
DA:40,27
DA:42,27
DA:43,0
DA:44,0
DA:45,27
DA:47,27
DA:48,0
DA:49,0
DA:50,27
DA:52,27
DA:54,5
DA:55,27
DA:57,27
DA:58,1
DA:59,0
DA:61,1
DA:62,1
DA:63,27
DA:65,27
DA:66,0
DA:67,0
DA:68,0
DA:70,0
DA:71,27
DA:73,27
DA:75,0
DA:76,0
DA:77,0
DA:79,0
DA:80,27
DA:82,27
DA:83,0
DA:84,27
DA:86,27
DA:87,0
DA:88,27
DA:90,27
DA:91,0
DA:92,27
DA:94,27
DA:95,0
DA:96,27
LF:69
LH:39
BRDA:7,0,0,46
BRDA:7,0,1,48
BRDA:7,1,0,94
BRDA:7,1,1,46
BRDA:14,2,0,0
BRDA:14,2,1,0
BRDA:26,3,0,0
BRDA:26,3,1,0
BRDA:54,4,0,2
BRDA:54,4,1,3
BRDA:58,5,0,0
BRDA:58,5,1,1
BRDA:67,6,0,0
BRDA:67,6,1,0
BRDA:76,7,0,0
BRDA:76,7,1,0
BRF:16
BRH:7
end_of_record
TN:
SF:src/utills/asyncStorage.tsx
FN:1,_interopRequireDefault
FN:3,storeData
FN:3,storeData$
FN:10,getData
FN:10,getData$
FN:19,storeValue
FN:19,storeValue$
FN:25,getValue
FN:25,getValue$
FN:32,wipeData
FN:36,removeValue
FN:36,removeValue$
FNF:12
FNH:5
FNDA:87,_interopRequireDefault
FNDA:0,storeData
FNDA:0,storeData$
FNDA:8,getData
FNDA:24,getData$
FNDA:0,storeValue
FNDA:0,storeValue$
FNDA:10,getValue
FNDA:30,getValue$
FNDA:0,wipeData
FNDA:0,removeValue
FNDA:0,removeValue$
DA:1,87
DA:3,87
DA:5,0
DA:6,87
DA:10,87
DA:12,8
DA:13,87
DA:19,87
DA:21,87
DA:25,87
DA:27,87
DA:32,87
DA:33,0
DA:34,87
DA:36,87
DA:38,87
LF:16
LH:14
BRDA:1,0,0,87
BRDA:1,0,1,0
BRDA:1,1,0,87
BRDA:1,1,1,87
BRDA:3,2,0,0
BRDA:3,2,1,0
BRDA:3,2,2,0
BRDA:3,2,3,0
BRDA:3,2,4,0
BRDA:10,3,0,8
BRDA:10,3,1,8
BRDA:10,3,2,0
BRDA:10,3,3,0
BRDA:10,3,4,8
BRDA:13,4,0,0
BRDA:13,4,1,8
BRDA:19,5,0,0
BRDA:19,5,1,0
BRDA:19,5,2,0
BRDA:19,5,3,0
BRDA:19,5,4,0
BRDA:25,6,0,10
BRDA:25,6,1,10
BRDA:25,6,2,0
BRDA:25,6,3,0
BRDA:25,6,4,10
BRDA:36,7,0,0
BRDA:36,7,1,0
BRDA:36,7,2,0
BRDA:36,7,3,0
BRDA:36,7,4,0
BRF:31
BRH:10
end_of_record
